(1780773377.510987) vcan0 603#00
(1780773377.511050) vcan0 604#00
(1780773377.511081) vcan0 607#01000000
(1780773377.660407) vcan0 600#00000000
(1780773377.660470) vcan0 601#00000000
(1780773377.660503) vcan0 602#7F000000
(1780773377.660539) vcan0 606#00
(1780773377.723736) vcan0 603#00
(1780773377.723773) vcan0 604#00
(1780773377.723793) vcan0 607#01000000
(1780773377.771730) vcan0 600#00000000
(1780773377.771772) vcan0 601#00000000
(1780773377.771795) vcan0 602#7F000000
(1780773377.891278) vcan0 600#00000000
(1780773377.891334) vcan0 601#00000000
(1780773377.891363) vcan0 602#7F000000
(1780773377.938778) vcan0 603#00
(1780773377.938820) vcan0 604#00
(1780773377.938842) vcan0 607#01000000
(1780773378.096573) vcan0 600#00000000
(1780773378.096619) vcan0 601#00000000
(1780773378.096644) vcan0 602#7F000000
(1780773378.143730) vcan0 603#00
(1780773378.143764) vcan0 604#00
(1780773378.143784) vcan0 607#01000000
(1780773378.175746) vcan0 606#00
(1780773378.207808) vcan0 600#00000000
(1780773378.207855) vcan0 601#00000000
(1780773378.207880) vcan0 602#7F000000
(1780773378.328057) vcan0 600#00000000
(1780773378.328096) vcan0 601#00000000
(1780773378.328136) vcan0 602#7F000000
(1780773378.343854) vcan0 603#00
(1780773378.343891) vcan0 604#00
(1780773378.343915) vcan0 607#01000000
(1780773378.520430) vcan0 600#00000000
(1780773378.520480) vcan0 601#00000000
(1780773378.520507) vcan0 602#7F000000
(1780773378.551737) vcan0 603#00
(1780773378.551771) vcan0 604#00
(1780773378.551791) vcan0 607#01000000
(1780773378.691650) vcan0 600#00000000
(1780773378.691707) vcan0 601#00000000
(1780773378.691743) vcan0 602#7F000000
(1780773378.691784) vcan0 606#00
(1780773378.754739) vcan0 603#00
(1780773378.754780) vcan0 604#00
(1780773378.754800) vcan0 607#01000000
(1780773378.802721) vcan0 600#00000000
(1780773378.802770) vcan0 601#00000000
(1780773378.802797) vcan0 602#7F000000
(1780773378.927951) vcan0 600#00000000
(1780773378.927984) vcan0 601#00000000
(1780773378.928007) vcan0 602#7F000000
(1780773378.959773) vcan0 603#00
(1780773378.959805) vcan0 604#00
(1780773378.959825) vcan0 607#01000000
(1780773379.114846) vcan0 600#00000000
(1780773379.114894) vcan0 601#00000000
(1780773379.114923) vcan0 602#7F000000
(1780773379.162731) vcan0 603#00
(1780773379.162764) vcan0 604#00
(1780773379.162784) vcan0 607#01000000
(1780773379.194737) vcan0 606#00
(1780773379.226713) vcan0 600#00000000
(1780773379.226742) vcan0 601#00000000
(1780773379.226762) vcan0 602#7F000000
(1780773379.363228) vcan0 600#00000000
(1780773379.363277) vcan0 601#00000000
(1780773379.363307) vcan0 602#7F000000
(1780773379.363333) vcan0 603#00
(1780773379.363355) vcan0 604#00
(1780773379.363381) vcan0 607#01000000
(1780773379.554923) vcan0 600#00000000
(1780773379.554983) vcan0 601#00000000
(1780773379.555016) vcan0 602#7F000000
(1780773379.570783) vcan0 603#00
(1780773379.570826) vcan0 604#00
(1780773379.570854) vcan0 607#01000000
(1780773379.716206) vcan0 600#00000000
(1780773379.716255) vcan0 601#00000000
(1780773379.716285) vcan0 602#7F000000
(1780773379.716337) vcan0 606#00
(1780773379.779739) vcan0 603#00
(1780773379.779773) vcan0 604#00
(1780773379.779794) vcan0 607#01000000
(1780773379.821397) vcan0 604#01
(1780773379.827734) vcan0 600#00000000
(1780773379.827764) vcan0 601#00000000
(1780773379.827785) vcan0 602#7F000000
(1780773379.952074) vcan0 600#00000000
(1780773379.952124) vcan0 601#00000000
(1780773379.952152) vcan0 602#7F000000
(1780773379.983719) vcan0 603#00
(1780773379.983765) vcan0 604#00
(1780773379.983785) vcan0 607#01000000
(1780773380.158686) vcan0 600#00000000
(1780773380.158738) vcan0 601#00000000
(1780773380.158767) vcan0 602#7F000000
(1780773380.189693) vcan0 603#00
(1780773380.189730) vcan0 604#00
(1780773380.189750) vcan0 607#01000000
(1780773380.221665) vcan0 606#00
(1780773380.269674) vcan0 600#00000000
(1780773380.269708) vcan0 601#00000000
(1780773380.269727) vcan0 602#7F000000
(1780773380.389024) vcan0 600#00000000
(1780773380.389075) vcan0 601#00000000
(1780773380.389107) vcan0 602#7F000000
(1780773380.404997) vcan0 603#00
(1780773380.405044) vcan0 604#00
(1780773380.405068) vcan0 607#01000000
(1780773380.554222) vcan0 607#FFFFFFFF
(1780773380.576775) vcan0 600#00000000
(1780773380.576823) vcan0 601#00000000
(1780773380.576851) vcan0 602#7F000000
(1780773380.607733) vcan0 603#00
(1780773380.607778) vcan0 604#00
(1780773380.607800) vcan0 607#01000000
(1780773380.752675) vcan0 600#00000000
(1780773380.752747) vcan0 601#00000000
(1780773380.752787) vcan0 602#7F000000
(1780773380.752834) vcan0 606#00
(1780773380.815714) vcan0 603#00
(1780773380.815748) vcan0 604#00
(1780773380.815768) vcan0 607#01000000
(1780773380.863731) vcan0 600#00000000
(1780773380.863771) vcan0 601#00000000
(1780773380.863793) vcan0 602#7F000000
(1780773380.984332) vcan0 600#00000000
(1780773380.984372) vcan0 601#00000000
(1780773380.984399) vcan0 602#7F000000
(1780773381.015756) vcan0 603#00
(1780773381.015797) vcan0 604#00
(1780773381.015820) vcan0 607#01000000
(1780773381.170473) vcan0 600#00000000
(1780773381.170561) vcan0 601#00000000
(1780773381.170592) vcan0 602#7F000000
(1780773381.217742) vcan0 603#00
(1780773381.217780) vcan0 604#00
(1780773381.217802) vcan0 607#01000000
(1780773381.265796) vcan0 606#00
(1780773381.281698) vcan0 600#00000000
(1780773381.281727) vcan0 601#00000000
(1780773381.281746) vcan0 602#7F000000
(1780773381.410917) vcan0 600#00000000
(1780773381.410954) vcan0 601#00000000
(1780773381.410978) vcan0 602#7F000000
(1780773381.426014) vcan0 60D#00000004
(1780773381.426739) vcan0 603#00
(1780773381.426775) vcan0 604#00
(1780773381.426801) vcan0 607#01000000
(1780773381.603182) vcan0 600#00000000
(1780773381.603243) vcan0 601#00000000
(1780773381.603276) vcan0 602#7F000000
(1780773381.634681) vcan0 603#00
(1780773381.634723) vcan0 604#00
(1780773381.634749) vcan0 607#01000000
(1780773381.766438) vcan0 600#00000000
(1780773381.766516) vcan0 601#00000000
(1780773381.766542) vcan0 602#7F000000
(1780773381.766572) vcan0 606#00
(1780773381.845677) vcan0 603#00
(1780773381.845709) vcan0 604#00
(1780773381.845730) vcan0 607#01000000
(1780773381.877671) vcan0 600#00000000
(1780773381.877702) vcan0 601#00000000
(1780773381.877721) vcan0 602#7F000000
(1780773382.011347) vcan0 600#00000000
(1780773382.011405) vcan0 601#00000000
(1780773382.011446) vcan0 602#7F000000
(1780773382.058739) vcan0 603#00
(1780773382.058778) vcan0 604#00
(1780773382.058798) vcan0 607#01000000
(1780773382.203310) vcan0 600#00000000
(1780773382.203366) vcan0 601#00000000
(1780773382.203391) vcan0 602#7F000000
(1780773382.212097) vcan0 60D#00000020
(1780773382.266727) vcan0 603#00
(1780773382.266769) vcan0 604#00
(1780773382.266794) vcan0 606#00
(1780773382.266814) vcan0 607#01000000
(1780773382.315799) vcan0 600#00000000
(1780773382.315846) vcan0 601#00000000
(1780773382.315873) vcan0 602#7F000000
(1780773382.434942) vcan0 600#00000000
(1780773382.434993) vcan0 601#00000000
(1780773382.435026) vcan0 602#7F000000
(1780773382.481755) vcan0 603#00
(1780773382.481791) vcan0 604#00
(1780773382.481811) vcan0 607#01000000
(1780773382.635225) vcan0 600#00000000
(1780773382.635286) vcan0 601#00000000
(1780773382.635320) vcan0 602#7F000000
(1780773382.682822) vcan0 603#00
(1780773382.682880) vcan0 604#00
(1780773382.682915) vcan0 607#01000000
(1780773382.800322) vcan0 600#00000000
(1780773382.800376) vcan0 601#00000000
(1780773382.800410) vcan0 602#7F000000
(1780773382.800439) vcan0 606#00
(1780773382.895706) vcan0 603#00
(1780773382.895746) vcan0 604#00
(1780773382.895768) vcan0 607#01000000
(1780773382.911660) vcan0 600#00000000
(1780773382.911690) vcan0 601#00000000
(1780773382.911712) vcan0 602#7F000000
(1780773383.033466) vcan0 600#00000000
(1780773383.033516) vcan0 601#00000000
(1780773383.033558) vcan0 602#7F000000
(1780773383.096697) vcan0 603#00
(1780773383.096740) vcan0 604#00
(1780773383.096763) vcan0 607#01000000
(1780773383.163709) vcan0 60D#00000083
(1780773383.225409) vcan0 600#00000000
(1780773383.225446) vcan0 601#00000000
(1780773383.225474) vcan0 602#7F000000
(1780773383.305740) vcan0 603#00
(1780773383.305776) vcan0 604#00
(1780773383.305799) vcan0 606#00
(1780773383.305817) vcan0 607#01000000
(1780773383.337677) vcan0 600#00000000
(1780773383.337709) vcan0 601#00000000
(1780773383.337731) vcan0 602#7F000000
(1780773383.471820) vcan0 600#00000000
(1780773383.471862) vcan0 601#00000000
(1780773383.471888) vcan0 602#7F000000
(1780773383.519723) vcan0 603#00
(1780773383.519758) vcan0 604#00
(1780773383.519778) vcan0 607#01000000
(1780773383.657985) vcan0 600#00000000
(1780773383.658045) vcan0 601#00000000
(1780773383.658096) vcan0 602#7F000000
(1780773383.679630) vcan0 607#FFFFFFFF
(1780773383.821692) vcan0 600#00000000
(1780773383.821746) vcan0 601#00000000
(1780773383.821777) vcan0 602#7F000000
(1780773383.821800) vcan0 603#00
(1780773383.821826) vcan0 604#00
(1780773383.821854) vcan0 606#00
(1780773383.821876) vcan0 607#01000000
(1780773383.932713) vcan0 600#00000000
(1780773383.932747) vcan0 601#00000000
(1780773383.932765) vcan0 602#7F000000
(1780773384.068058) vcan0 600#00000000
(1780773384.068114) vcan0 601#00000000
(1780773384.068153) vcan0 602#7F000000
(1780773384.068218) vcan0 603#00
(1780773384.068248) vcan0 604#00
(1780773384.068273) vcan0 607#01000000
(1780773384.258737) vcan0 600#00000000
(1780773384.258795) vcan0 601#00000000
(1780773384.258823) vcan0 602#7F000000
(1780773384.274846) vcan0 603#00
(1780773384.274917) vcan0 604#00
(1780773384.274942) vcan0 607#01000000
(1780773384.323682) vcan0 606#00
(1780773384.345035) vcan0 604#01
(1780773384.371769) vcan0 600#00000000
(1780773384.371818) vcan0 601#00000000
(1780773384.371841) vcan0 602#7F000000
(1780773384.488609) vcan0 600#00000000
(1780773384.488663) vcan0 601#00000000
(1780773384.488697) vcan0 602#7F000000
(1780773384.488728) vcan0 603#00
(1780773384.488753) vcan0 604#00
(1780773384.488782) vcan0 607#01000000
(1780773384.691586) vcan0 600#00000000
(1780773384.691635) vcan0 601#00000000
(1780773384.691664) vcan0 602#7F000000
(1780773384.691692) vcan0 603#00
(1780773384.691717) vcan0 604#00
(1780773384.691741) vcan0 607#01000000
(1780773384.856206) vcan0 600#00000000
(1780773384.856258) vcan0 601#00000000
(1780773384.856289) vcan0 602#7F000000
(1780773384.856322) vcan0 606#00
(1780773384.903679) vcan0 603#00
(1780773384.903713) vcan0 604#00
(1780773384.903733) vcan0 607#01000000
(1780773384.967694) vcan0 600#00000000
(1780773384.967736) vcan0 601#00000000
(1780773384.967760) vcan0 602#7F000000
(1780773385.087964) vcan0 600#00000000
(1780773385.088000) vcan0 601#00000000
(1780773385.088024) vcan0 602#7F000000
(1780773385.103747) vcan0 603#00
(1780773385.103791) vcan0 604#00
(1780773385.103816) vcan0 607#01000000
(1780773385.225655) vcan0 60D#00000083
(1780773385.249716) vcan0 600#00000000
(1780773385.249785) vcan0 601#00000000
(1780773385.249817) vcan0 602#7F000000
(1780773385.313703) vcan0 603#00
(1780773385.313744) vcan0 604#00
(1780773385.313767) vcan0 607#01000000
(1780773385.361689) vcan0 600#00000000
(1780773385.361733) vcan0 601#00000000
(1780773385.361759) vcan0 602#7F000000
(1780773385.361787) vcan0 606#00
(1780773385.482316) vcan0 600#00000000
(1780773385.482355) vcan0 601#00000000
(1780773385.482383) vcan0 602#7F000000
(1780773385.513714) vcan0 603#00
(1780773385.513749) vcan0 604#00
(1780773385.513769) vcan0 607#01000000
(1780773385.667208) vcan0 600#00000000
(1780773385.667249) vcan0 601#00000000
(1780773385.667278) vcan0 602#7F000000
(1780773385.714708) vcan0 603#00
(1780773385.714752) vcan0 604#00
(1780773385.714776) vcan0 607#01000000
(1780773385.833898) vcan0 600#00000000
(1780773385.833976) vcan0 601#00000000
(1780773385.834007) vcan0 602#7F000000
(1780773385.865966) vcan0 606#00
(1780773385.929659) vcan0 603#00
(1780773385.929690) vcan0 604#00
(1780773385.929713) vcan0 607#01000000
(1780773385.945716) vcan0 600#00000000
(1780773385.945752) vcan0 601#00000000
(1780773385.945781) vcan0 602#7F000000
(1780773386.065053) vcan0 60C#01
(1780773386.067625) vcan0 600#00000000
(1780773386.067687) vcan0 601#00000000
(1780773386.067721) vcan0 602#7F000000
(1780773386.130701) vcan0 603#00
(1780773386.130748) vcan0 604#00
(1780773386.130773) vcan0 607#01000000
(1780773386.246281) vcan0 600#00000000
(1780773386.246352) vcan0 601#00000000
(1780773386.246383) vcan0 602#7F000000
(1780773386.342677) vcan0 603#00
(1780773386.342715) vcan0 604#00
(1780773386.342735) vcan0 607#01000000
(1780773386.358717) vcan0 600#00000000
(1780773386.358757) vcan0 601#00000000
(1780773386.358781) vcan0 602#7F000000
(1780773386.481471) vcan0 600#00000000
(1780773386.481537) vcan0 601#00000000
(1780773386.481581) vcan0 602#7F000000
(1780773386.481621) vcan0 606#00
(1780773386.544672) vcan0 603#00
(1780773386.544710) vcan0 604#00
(1780773386.544731) vcan0 607#01000000
(1780773386.666675) vcan0 600#00000000
(1780773386.666708) vcan0 601#00000000
(1780773386.666736) vcan0 602#7F000000
(1780773386.692026) vcan0 60D#00000000
(1780773386.846500) vcan0 600#00000000
(1780773386.846556) vcan0 601#00000000
(1780773386.846584) vcan0 602#7F000000
(1780773386.846609) vcan0 603#00
(1780773386.846633) vcan0 604#00
(1780773386.846657) vcan0 607#01000000
(1780773386.957719) vcan0 600#00000000
(1780773386.957764) vcan0 601#00000000
(1780773386.957790) vcan0 602#7F000000
(1780773387.078883) vcan0 600#00000000
(1780773387.078967) vcan0 601#00000000
(1780773387.078997) vcan0 602#7F000000
(1780773387.079027) vcan0 603#00
(1780773387.079053) vcan0 604#00
(1780773387.079082) vcan0 606#00
(1780773387.079101) vcan0 607#01000000
(1780773387.269787) vcan0 600#00000000
(1780773387.269842) vcan0 601#00000000
(1780773387.269870) vcan0 602#7F000000
(1780773387.285777) vcan0 603#00
(1780773387.285825) vcan0 604#00
(1780773387.285853) vcan0 607#01000000
(1780773387.382664) vcan0 600#00000000
(1780773387.382704) vcan0 601#00000000
(1780773387.382726) vcan0 602#7F000000
(1780773387.498311) vcan0 600#00000000
(1780773387.498341) vcan0 601#00000000
(1780773387.498364) vcan0 602#7F000000
(1780773387.498393) vcan0 603#00
(1780773387.498416) vcan0 604#00
(1780773387.498441) vcan0 607#01000000
(1780773387.646079) vcan0 60D#00000000
(1780773387.699633) vcan0 600#00000000
(1780773387.699675) vcan0 601#00000000
(1780773387.699699) vcan0 602#7F000000
(1780773387.699728) vcan0 603#00
(1780773387.699750) vcan0 604#00
(1780773387.699774) vcan0 606#00
(1780773387.699796) vcan0 607#01000000
(1780773387.861768) vcan0 600#00000000
(1780773387.861824) vcan0 601#00000000
(1780773387.861853) vcan0 602#7F000000
(1780773387.909654) vcan0 603#00
(1780773387.909687) vcan0 604#00
(1780773387.909705) vcan0 607#01000000
(1780773387.973703) vcan0 600#00000000
(1780773387.973746) vcan0 601#00000000
(1780773387.973768) vcan0 602#7F000000
(1780773388.092861) vcan0 600#00000000
(1780773388.092902) vcan0 601#00000000
(1780773388.092932) vcan0 602#7F000000
(1780773388.124670) vcan0 603#00
(1780773388.124704) vcan0 604#00
(1780773388.124723) vcan0 607#01000000
(1780773388.295361) vcan0 600#00000000
(1780773388.295417) vcan0 601#00000000
(1780773388.295450) vcan0 602#7F000000
(1780773388.295485) vcan0 606#00
(1780773388.326649) vcan0 603#00
(1780773388.326682) vcan0 604#00
(1780773388.326702) vcan0 607#01000000
(1780773388.406658) vcan0 600#00000000
(1780773388.406697) vcan0 601#00000000
(1780773388.406719) vcan0 602#7F000000
(1780773388.442988) vcan0 604#01
(1780773388.528059) vcan0 600#00000000
(1780773388.528101) vcan0 601#00000000
(1780773388.528129) vcan0 602#7F000000
(1780773388.528156) vcan0 603#00
(1780773388.528177) vcan0 604#00
(1780773388.528201) vcan0 607#01000000
(1780773388.719726) vcan0 600#00000000
(1780773388.719789) vcan0 601#00000000
(1780773388.719821) vcan0 602#7F000000
(1780773388.734733) vcan0 603#00
(1780773388.734774) vcan0 604#00
(1780773388.734800) vcan0 607#01000000
(1780773388.893951) vcan0 600#00000000
(1780773388.894010) vcan0 601#00000000
(1780773388.894038) vcan0 602#7F000000
(1780773388.894068) vcan0 606#00
(1780773388.941667) vcan0 603#00
(1780773388.941705) vcan0 604#00
(1780773388.941725) vcan0 607#01000000
(1780773389.005688) vcan0 600#00000000
(1780773389.005722) vcan0 601#00000000
(1780773389.005740) vcan0 602#7F000000
(1780773389.079723) vcan0 60D#00000004
(1780773389.124993) vcan0 600#00000000
(1780773389.125017) vcan0 601#00000000
(1780773389.125035) vcan0 602#7F000000
(1780773389.156679) vcan0 603#00
(1780773389.156713) vcan0 604#00
(1780773389.156732) vcan0 607#01000000
(1780773389.320008) vcan0 600#00000000
(1780773389.320064) vcan0 601#00000000
(1780773389.320091) vcan0 602#7F000000
(1780773389.367645) vcan0 603#00
(1780773389.367678) vcan0 604#00
(1780773389.367697) vcan0 607#01000000
(1780773389.399670) vcan0 606#00
(1780773389.431670) vcan0 600#00000000
(1780773389.431702) vcan0 601#00000000
(1780773389.431720) vcan0 602#7F000000
(1780773389.565305) vcan0 600#00000000
(1780773389.565363) vcan0 601#00000000
(1780773389.565396) vcan0 602#7F000000
(1780773389.581100) vcan0 603#00
(1780773389.581141) vcan0 604#00
(1780773389.581164) vcan0 607#01000000
(1780773389.754897) vcan0 600#00000000
(1780773389.754951) vcan0 601#00000000
(1780773389.754978) vcan0 602#7F000000
(1780773389.786662) vcan0 603#00
(1780773389.786695) vcan0 604#00
(1780773389.786713) vcan0 607#01000000
(1780773389.804044) vcan0 60D#00000083
(1780773389.917708) vcan0 600#00000000
(1780773389.917749) vcan0 601#00000000
(1780773389.917778) vcan0 602#7F000000
(1780773389.917818) vcan0 606#00
(1780773389.997680) vcan0 603#00
(1780773389.997712) vcan0 604#00
(1780773389.997732) vcan0 607#01000000
(1780773390.029698) vcan0 600#00000000
(1780773390.029733) vcan0 601#00000000
(1780773390.029753) vcan0 602#7F000000
(1780773390.163093) vcan0 600#00000000
(1780773390.163144) vcan0 601#00000000
(1780773390.163185) vcan0 602#7F000000
(1780773390.210648) vcan0 603#00
(1780773390.210679) vcan0 604#00
(1780773390.210698) vcan0 607#01000000
(1780773390.354993) vcan0 600#00000000
(1780773390.355035) vcan0 601#00000000
(1780773390.355058) vcan0 602#7F000000
(1780773390.418647) vcan0 603#00
(1780773390.418687) vcan0 604#00
(1780773390.418710) vcan0 606#00
(1780773390.418732) vcan0 607#01000000
(1780773390.465718) vcan0 600#00000000
(1780773390.465757) vcan0 601#00000000
(1780773390.465782) vcan0 602#7F000000
(1780773390.586547) vcan0 600#00000000
(1780773390.586597) vcan0 601#00000000
(1780773390.586624) vcan0 602#7F000000
(1780773390.633691) vcan0 603#00
(1780773390.633738) vcan0 604#00
(1780773390.633765) vcan0 607#01000000
(1780773390.723056) vcan0 60C#01
(1780773390.775852) vcan0 600#00000000
(1780773390.775902) vcan0 601#00000000
(1780773390.775935) vcan0 602#7F000000
(1780773390.939586) vcan0 600#00000000
(1780773390.939653) vcan0 601#00000000
(1780773390.939693) vcan0 602#7F000000
(1780773390.939727) vcan0 603#00
(1780773390.939759) vcan0 604#00
(1780773390.939795) vcan0 606#00
(1780773390.939833) vcan0 607#01000000
(1780773391.050701) vcan0 600#00000000
(1780773391.050736) vcan0 601#00000000
(1780773391.050756) vcan0 602#7F000000
(1780773391.183171) vcan0 600#00000000
(1780773391.183213) vcan0 601#00000000
(1780773391.183244) vcan0 602#7F000000
(1780773391.183275) vcan0 603#00
(1780773391.183304) vcan0 604#00
(1780773391.183333) vcan0 607#01000000
(1780773391.373575) vcan0 600#00000000
(1780773391.373619) vcan0 601#00000000
(1780773391.373643) vcan0 602#7F000000
(1780773391.388662) vcan0 603#00
(1780773391.388703) vcan0 604#00
(1780773391.388726) vcan0 607#01000000
(1780773391.452622) vcan0 606#00
(1780773391.481027) vcan0 607#FFFFFFFF
(1780773391.483703) vcan0 600#00000000
(1780773391.483743) vcan0 601#00000000
(1780773391.483769) vcan0 602#7F000000
(1780773391.605005) vcan0 600#00000000
(1780773391.605048) vcan0 601#00000000
(1780773391.605075) vcan0 602#7F000000
(1780773391.605102) vcan0 603#00
(1780773391.605126) vcan0 604#00
(1780773391.605162) vcan0 607#01000000
(1780773391.806759) vcan0 600#00000000
(1780773391.806808) vcan0 601#00000000
(1780773391.806839) vcan0 602#7F000000
(1780773391.806868) vcan0 603#00
(1780773391.806890) vcan0 604#00
(1780773391.806924) vcan0 607#01000000
(1780773391.969393) vcan0 600#00000000
(1780773391.969461) vcan0 601#00000000
(1780773391.969502) vcan0 602#7F000000
(1780773391.969544) vcan0 606#00
(1780773392.016611) vcan0 603#00
(1780773392.016646) vcan0 604#00
(1780773392.016666) vcan0 607#01000000
(1780773392.080676) vcan0 600#00000000
(1780773392.080716) vcan0 601#00000000
(1780773392.080737) vcan0 602#7F000000
(1780773392.206563) vcan0 600#00000000
(1780773392.206647) vcan0 601#00000000
(1780773392.206679) vcan0 602#7F000000
(1780773392.221670) vcan0 603#00
(1780773392.221708) vcan0 604#00
(1780773392.221731) vcan0 607#01000000
(1780773392.413276) vcan0 600#00000000
(1780773392.413337) vcan0 601#00000000
(1780773392.413364) vcan0 602#7F000000
(1780773392.428765) vcan0 603#00
(1780773392.428820) vcan0 604#00
(1780773392.428851) vcan0 607#01000000
(1780773392.459021) vcan0 60D#00000001
(1780773392.475624) vcan0 606#00
(1780773392.523645) vcan0 600#00000000
(1780773392.523687) vcan0 601#00000000
(1780773392.523708) vcan0 602#7F000000
(1780773392.644796) vcan0 600#00000000
(1780773392.644846) vcan0 601#00000000
(1780773392.644874) vcan0 602#7F000000
(1780773392.644897) vcan0 603#00
(1780773392.644923) vcan0 604#00
(1780773392.644947) vcan0 607#01000000
(1780773392.833423) vcan0 600#00000000
(1780773392.833476) vcan0 601#00000000
(1780773392.833507) vcan0 602#7F000000
(1780773392.848671) vcan0 603#00
(1780773392.848719) vcan0 604#00
(1780773392.848745) vcan0 607#01000000
(1780773393.007061) vcan0 600#00000000
(1780773393.007113) vcan0 601#00000000
(1780773393.007143) vcan0 602#7F000000
(1780773393.007173) vcan0 606#00
(1780773393.054691) vcan0 603#00
(1780773393.054727) vcan0 604#00
(1780773393.054749) vcan0 607#01000000
(1780773393.118646) vcan0 600#00000000
(1780773393.118689) vcan0 601#00000000
(1780773393.118711) vcan0 602#7F000000
(1780773393.236717) vcan0 600#00000000
(1780773393.236768) vcan0 601#00000000
(1780773393.236797) vcan0 602#7F000000
(1780773393.268644) vcan0 603#00
(1780773393.268678) vcan0 604#00
(1780773393.268698) vcan0 607#01000000
(1780773393.282038) vcan0 607#FFFFFFFF
(1780773393.428882) vcan0 600#00000000
(1780773393.428960) vcan0 601#00000000
(1780773393.429005) vcan0 602#7F000000
(1780773393.475622) vcan0 603#00
(1780773393.475655) vcan0 604#00
(1780773393.475676) vcan0 607#01000000
(1780773393.507612) vcan0 606#00
(1780773393.539636) vcan0 600#00000000
(1780773393.539668) vcan0 601#00000000
(1780773393.539687) vcan0 602#7F000000
(1780773393.673890) vcan0 600#00000000
(1780773393.674257) vcan0 601#00000000
(1780773393.674308) vcan0 602#7F000000
(1780773393.689654) vcan0 603#00
(1780773393.689689) vcan0 604#00
(1780773393.689711) vcan0 607#01000000
(1780773393.866543) vcan0 600#00000000
(1780773393.866612) vcan0 601#00000000
(1780773393.866642) vcan0 602#7F000000
(1780773393.897650) vcan0 603#00
(1780773393.897686) vcan0 604#00
(1780773393.897707) vcan0 607#01000000
(1780773394.031484) vcan0 600#00000000
(1780773394.031544) vcan0 601#00000000
(1780773394.031572) vcan0 602#7F000000
(1780773394.031604) vcan0 606#00
(1780773394.110694) vcan0 603#00
(1780773394.110736) vcan0 604#00
(1780773394.110757) vcan0 607#01000000
(1780773394.142596) vcan0 600#00000000
(1780773394.142629) vcan0 601#00000000
(1780773394.142648) vcan0 602#7F000000
(1780773394.176034) vcan0 60D#00000001
(1780773394.274179) vcan0 600#00000000
(1780773394.274230) vcan0 601#00000000
(1780773394.274266) vcan0 602#7F000000
(1780773394.322650) vcan0 603#00
(1780773394.322683) vcan0 604#00
(1780773394.322703) vcan0 607#01000000
(1780773394.476900) vcan0 600#00000000
(1780773394.476956) vcan0 601#00000000
(1780773394.476983) vcan0 602#7F000000
(1780773394.524611) vcan0 603#00
(1780773394.524646) vcan0 604#00
(1780773394.524666) vcan0 607#01000000
(1780773394.540578) vcan0 606#00
(1780773394.588769) vcan0 600#00000000
(1780773394.588853) vcan0 601#00000000
(1780773394.588879) vcan0 602#7F000000
(1780773394.714421) vcan0 600#00000000
(1780773394.714468) vcan0 601#00000000
(1780773394.714490) vcan0 602#7F000000
(1780773394.729658) vcan0 603#00
(1780773394.729697) vcan0 604#00
(1780773394.729718) vcan0 607#01000000
(1780773394.877049) vcan0 600#00000000
(1780773394.877147) vcan0 601#00000000
(1780773394.877181) vcan0 602#7F000000
(1780773395.038908) vcan0 600#00000000
(1780773395.038988) vcan0 601#00000000
(1780773395.039019) vcan0 602#7F000000
(1780773395.039049) vcan0 603#00
(1780773395.039073) vcan0 604#00
(1780773395.039103) vcan0 607#01000000
(1780773395.054651) vcan0 606#00
(1780773395.073003) vcan0 60D#00000003
(1780773395.150635) vcan0 600#00000000
(1780773395.150672) vcan0 601#00000000
(1780773395.150692) vcan0 602#7F000000
(1780773395.286338) vcan0 600#00000000
(1780773395.286397) vcan0 601#00000000
(1780773395.286439) vcan0 602#7F000000
(1780773395.286478) vcan0 603#00
(1780773395.286513) vcan0 604#00
(1780773395.286555) vcan0 607#01000000
(1780773395.472316) vcan0 600#00000000
(1780773395.472366) vcan0 601#00000000
(1780773395.472399) vcan0 602#7F000000
(1780773395.487767) vcan0 603#00
(1780773395.487839) vcan0 604#00
(1780773395.487871) vcan0 607#01000000
(1780773395.567656) vcan0 606#00
(1780773395.583592) vcan0 600#00000000
(1780773395.583621) vcan0 601#00000000
(1780773395.583640) vcan0 602#7F000000
(1780773395.709944) vcan0 600#00000000
(1780773395.709991) vcan0 601#00000000
(1780773395.710018) vcan0 602#7F000000
(1780773395.710044) vcan0 603#00
(1780773395.710068) vcan0 604#00
(1780773395.710095) vcan0 607#01000000
(1780773395.744145) vcan0 60D#00000010
(1780773395.916371) vcan0 600#00000000
(1780773395.916431) vcan0 601#00000000
(1780773395.916455) vcan0 602#7F000000
(1780773395.916477) vcan0 603#00
(1780773395.916500) vcan0 604#00
(1780773395.916525) vcan0 607#01000000
(1780773396.079086) vcan0 600#00000000
(1780773396.079138) vcan0 601#00000000
(1780773396.079164) vcan0 602#7F000000
(1780773396.079201) vcan0 606#00
(1780773396.126618) vcan0 603#00
(1780773396.126669) vcan0 604#00
(1780773396.126690) vcan0 607#01000000
(1780773396.190717) vcan0 600#00000000
(1780773396.190764) vcan0 601#00000000
(1780773396.190791) vcan0 602#7F000000
(1780773396.311741) vcan0 600#00000000
(1780773396.311770) vcan0 601#00000000
(1780773396.311793) vcan0 602#7F000000
(1780773396.327655) vcan0 603#00
(1780773396.327691) vcan0 604#00
(1780773396.327712) vcan0 607#01000000
(1780773396.513397) vcan0 600#00000000
(1780773396.513457) vcan0 601#00000000
(1780773396.513487) vcan0 602#7F000000
(1780773396.528655) vcan0 603#00
(1780773396.528691) vcan0 604#00
(1780773396.528711) vcan0 607#01000000
(1780773396.590515) vcan0 60D#00000020
(1780773396.592642) vcan0 606#00
(1780773396.624613) vcan0 600#00000000
(1780773396.624649) vcan0 601#00000000
(1780773396.624668) vcan0 602#7F000000
(1780773396.745317) vcan0 600#00000000
(1780773396.745377) vcan0 601#00000000
(1780773396.745407) vcan0 602#7F000000
(1780773396.745440) vcan0 603#00
(1780773396.745468) vcan0 604#00
(1780773396.745498) vcan0 607#01000000
(1780773396.935470) vcan0 600#00000000
(1780773396.935518) vcan0 601#00000000
(1780773396.935551) vcan0 602#7F000000
(1780773396.950624) vcan0 603#00
(1780773396.950658) vcan0 604#00
(1780773396.950678) vcan0 607#01000000
(1780773397.108899) vcan0 600#00000000
(1780773397.108958) vcan0 601#00000000
(1780773397.108983) vcan0 602#7F000000
(1780773397.109012) vcan0 606#00
(1780773397.156697) vcan0 603#00
(1780773397.156742) vcan0 604#00
(1780773397.156765) vcan0 607#01000000
(1780773397.220656) vcan0 600#00000000
(1780773397.220697) vcan0 601#00000000
(1780773397.220720) vcan0 602#7F000000
(1780773397.325876) vcan0 60D#00000001
(1780773397.338432) vcan0 600#00000000
(1780773397.338472) vcan0 601#00000000
(1780773397.338500) vcan0 602#7F000000
(1780773397.369586) vcan0 603#00
(1780773397.369621) vcan0 604#00
(1780773397.369641) vcan0 607#01000000
(1780773397.528462) vcan0 600#00000000
(1780773397.528511) vcan0 601#00000000
(1780773397.528540) vcan0 602#7F000000
(1780773397.575599) vcan0 603#00
(1780773397.575636) vcan0 604#00
(1780773397.575657) vcan0 607#01000000
(1780773397.623623) vcan0 606#00
(1780773397.639599) vcan0 600#00000000
(1780773397.639642) vcan0 601#00000000
(1780773397.639674) vcan0 602#7F000000
(1780773397.765698) vcan0 600#00000000
(1780773397.765748) vcan0 601#00000000
(1780773397.765780) vcan0 602#7F000000
(1780773397.781611) vcan0 603#00
(1780773397.781651) vcan0 604#00
(1780773397.781673) vcan0 607#01000000
(1780773397.849047) vcan0 60D#00000020
(1780773397.967755) vcan0 600#00000000
(1780773397.967805) vcan0 601#00000000
(1780773397.967831) vcan0 602#7F000000
(1780773397.982737) vcan0 603#00
(1780773397.982798) vcan0 604#00
(1780773397.982824) vcan0 607#01000000
(1780773398.128666) vcan0 600#00000000
(1780773398.128713) vcan0 601#00000000
(1780773398.128737) vcan0 602#7F000000
(1780773398.128768) vcan0 606#00
(1780773398.191618) vcan0 603#00
(1780773398.191659) vcan0 604#00
(1780773398.191682) vcan0 607#01000000
(1780773398.239797) vcan0 600#00000000
(1780773398.239902) vcan0 601#00000000
(1780773398.239941) vcan0 602#7F000000
(1780773398.369228) vcan0 600#00000000
(1780773398.369288) vcan0 601#00000000
(1780773398.369322) vcan0 602#7F000000
(1780773398.400591) vcan0 603#00
(1780773398.400628) vcan0 604#00
(1780773398.400647) vcan0 607#01000000
(1780773398.575625) vcan0 600#00000000
(1780773398.575683) vcan0 601#00000000
(1780773398.575716) vcan0 602#7F000000
(1780773398.606620) vcan0 603#00
(1780773398.606666) vcan0 604#00
(1780773398.606692) vcan0 607#01000000
(1780773398.638612) vcan0 606#00
(1780773398.686585) vcan0 600#00000000
(1780773398.686621) vcan0 601#00000000
(1780773398.686640) vcan0 602#7F000000
(1780773398.755322) vcan0 60D#00000000
(1780773398.821357) vcan0 600#00000000
(1780773398.821408) vcan0 601#00000000
(1780773398.821442) vcan0 602#7F000000
(1780773398.821469) vcan0 603#00
(1780773398.821493) vcan0 604#00
(1780773398.821517) vcan0 607#01000000
(1780773399.012504) vcan0 600#00000000
(1780773399.012550) vcan0 601#00000000
(1780773399.012574) vcan0 602#7F000000
(1780773399.027661) vcan0 603#00
(1780773399.027700) vcan0 604#00
(1780773399.027720) vcan0 607#01000000
(1780773399.173875) vcan0 600#00000000
(1780773399.173963) vcan0 601#00000000
(1780773399.173994) vcan0 602#7F000000
(1780773399.174030) vcan0 606#00
(1780773399.237579) vcan0 603#00
(1780773399.237613) vcan0 604#00
(1780773399.237633) vcan0 607#01000000
(1780773399.285627) vcan0 600#00000000
(1780773399.285665) vcan0 601#00000000
(1780773399.285685) vcan0 602#7F000000
(1780773399.419330) vcan0 600#00000000
(1780773399.419377) vcan0 601#00000000
(1780773399.419398) vcan0 602#7F000000
(1780773399.450608) vcan0 603#00
(1780773399.450641) vcan0 604#00
(1780773399.450661) vcan0 607#01000000
(1780773399.565007) vcan0 607#FFFFFFFF
(1780773399.610994) vcan0 600#00000000
(1780773399.611048) vcan0 601#00000000
(1780773399.611078) vcan0 602#7F000000
(1780773399.658595) vcan0 603#00
(1780773399.658628) vcan0 604#00
(1780773399.658649) vcan0 607#01000000
(1780773399.674583) vcan0 606#00
(1780773399.722642) vcan0 600#00000000
(1780773399.722686) vcan0 601#00000000
(1780773399.722710) vcan0 602#7F000000
(1780773399.847095) vcan0 600#00000000
(1780773399.847149) vcan0 601#00000000
(1780773399.847178) vcan0 602#7F000000
(1780773399.862627) vcan0 603#00
(1780773399.862663) vcan0 604#00
(1780773399.862684) vcan0 607#01000000
(1780773400.050639) vcan0 600#00000000
(1780773400.050692) vcan0 601#00000000
(1780773400.050724) vcan0 602#7F000000
(1780773400.065727) vcan0 603#00
(1780773400.065804) vcan0 604#00
(1780773400.065838) vcan0 607#01000000
(1780773400.214676) vcan0 600#00000000
(1780773400.214744) vcan0 601#00000000
(1780773400.214784) vcan0 602#7F000000
(1780773400.214821) vcan0 606#00
(1780773400.277619) vcan0 603#00
(1780773400.277658) vcan0 604#00
(1780773400.277682) vcan0 607#01000000
(1780773400.326655) vcan0 600#00000000
(1780773400.326697) vcan0 601#00000000
(1780773400.326720) vcan0 602#7F000000
(1780773400.348376) vcan0 60D#00000000
(1780773400.446898) vcan0 600#00000000
(1780773400.446942) vcan0 601#00000000
(1780773400.446967) vcan0 602#7F000000
(1780773400.477604) vcan0 603#00
(1780773400.477641) vcan0 604#00
(1780773400.477661) vcan0 607#01000000
(1780773400.652000) vcan0 600#00000000
(1780773400.652051) vcan0 601#00000000
(1780773400.652079) vcan0 602#7F000000
(1780773400.683574) vcan0 603#00
(1780773400.683611) vcan0 604#00
(1780773400.683631) vcan0 607#01000000
(1780773400.715609) vcan0 606#00
(1780773400.763664) vcan0 600#00000000
(1780773400.763707) vcan0 601#00000000
(1780773400.763730) vcan0 602#7F000000
(1780773400.883902) vcan0 600#00000000
(1780773400.883959) vcan0 601#00000000
(1780773400.883986) vcan0 602#7F000000
(1780773400.884014) vcan0 603#00
(1780773400.884038) vcan0 604#00
(1780773400.884086) vcan0 607#01000000
(1780773401.074480) vcan0 600#00000000
(1780773401.074532) vcan0 601#00000000
(1780773401.074559) vcan0 602#7F000000
(1780773401.089645) vcan0 603#00
(1780773401.089688) vcan0 604#00
(1780773401.089711) vcan0 607#01000000
(1780773401.132038) vcan0 60D#00000001
(1780773401.235326) vcan0 600#00000000
(1780773401.235365) vcan0 601#00000000
(1780773401.235392) vcan0 602#7F000000
(1780773401.235416) vcan0 606#00
(1780773401.299623) vcan0 603#00
(1780773401.299668) vcan0 604#00
(1780773401.299690) vcan0 607#01000000
(1780773401.347587) vcan0 600#00000000
(1780773401.347618) vcan0 601#00000000
(1780773401.347638) vcan0 602#7F000000
(1780773401.482601) vcan0 600#00000000
(1780773401.482640) vcan0 601#00000000
(1780773401.482667) vcan0 602#7F000000
(1780773401.514577) vcan0 603#00
(1780773401.514612) vcan0 604#00
(1780773401.514631) vcan0 607#01000000
(1780773401.669724) vcan0 600#00000000
(1780773401.669777) vcan0 601#00000000
(1780773401.669800) vcan0 602#7F000000
(1780773401.717564) vcan0 603#00
(1780773401.717601) vcan0 604#00
(1780773401.717624) vcan0 607#01000000
(1780773401.749551) vcan0 606#00
(1780773401.781617) vcan0 600#00000000
(1780773401.781664) vcan0 601#00000000
(1780773401.781690) vcan0 602#7F000000
(1780773401.902156) vcan0 600#00000000
(1780773401.902196) vcan0 601#00000000
(1780773401.902219) vcan0 602#7F000000
(1780773401.917620) vcan0 603#00
(1780773401.917658) vcan0 604#00
(1780773401.917678) vcan0 607#01000000
(1780773402.029249) vcan0 60D#00000020
(1780773402.103829) vcan0 600#00000000
(1780773402.103873) vcan0 601#00000000
(1780773402.103904) vcan0 602#7F000000
(1780773402.119636) vcan0 603#00
(1780773402.119672) vcan0 604#00
(1780773402.119693) vcan0 607#01000000
(1780773402.265155) vcan0 600#00000000
(1780773402.265220) vcan0 601#00000000
(1780773402.265264) vcan0 602#7F000000
(1780773402.265301) vcan0 606#00
(1780773402.329601) vcan0 603#00
(1780773402.329636) vcan0 604#00
(1780773402.329657) vcan0 607#01000000
(1780773402.377613) vcan0 600#00000000
(1780773402.377657) vcan0 601#00000000
(1780773402.377681) vcan0 602#7F000000
(1780773402.497520) vcan0 600#00000000
(1780773402.497580) vcan0 601#00000000
(1780773402.497616) vcan0 602#7F000000
(1780773402.544564) vcan0 603#00
(1780773402.544598) vcan0 604#00
(1780773402.544617) vcan0 607#01000000
(1780773402.683790) vcan0 607#FFFFFFFF
(1780773402.699612) vcan0 600#00000000
(1780773402.699672) vcan0 601#00000000
(1780773402.699716) vcan0 602#7F000000
(1780773402.746541) vcan0 603#00
(1780773402.746574) vcan0 604#00
(1780773402.746593) vcan0 607#01000000
(1780773402.778540) vcan0 606#00
(1780773402.810608) vcan0 600#00000000
(1780773402.810655) vcan0 601#00000000
(1780773402.810679) vcan0 602#7F000000
(1780773402.930857) vcan0 600#00000000
(1780773402.930924) vcan0 601#00000000
(1780773402.930952) vcan0 602#7F000000
(1780773402.946603) vcan0 603#00
(1780773402.946640) vcan0 604#00
(1780773402.946662) vcan0 607#01000000
(1780773403.116949) vcan0 600#00000000
(1780773403.116987) vcan0 601#00000000
(1780773403.117009) vcan0 602#7F000000
(1780773403.148557) vcan0 603#00
(1780773403.148588) vcan0 604#00
(1780773403.148607) vcan0 607#01000000
(1780773403.284622) vcan0 600#00000000
(1780773403.284701) vcan0 601#00000000
(1780773403.284739) vcan0 602#7F000000
(1780773403.284780) vcan0 606#00
(1780773403.348589) vcan0 603#00
(1780773403.348624) vcan0 604#00
(1780773403.348644) vcan0 607#01000000
(1780773403.396591) vcan0 600#00000000
(1780773403.396625) vcan0 601#00000000
(1780773403.396643) vcan0 602#7F000000
(1780773403.530736) vcan0 600#00000000
(1780773403.530868) vcan0 601#00000000
(1780773403.530923) vcan0 602#7F000000
(1780773403.561583) vcan0 603#00
(1780773403.561618) vcan0 604#00
(1780773403.561638) vcan0 607#01000000
(1780773403.671990) vcan0 60D#00000010
(1780773403.728529) vcan0 600#00000000
(1780773403.728601) vcan0 601#00000000
(1780773403.728630) vcan0 602#7F000000
(1780773403.775573) vcan0 603#00
(1780773403.775610) vcan0 604#00
(1780773403.775630) vcan0 607#01000000
(1780773403.791587) vcan0 606#00
(1780773403.839596) vcan0 600#00000000
(1780773403.839638) vcan0 601#00000000
(1780773403.839658) vcan0 602#7F000000
(1780773403.960602) vcan0 600#00000000
(1780773403.960680) vcan0 601#00000000
(1780773403.960725) vcan0 602#7F000000
(1780773403.975603) vcan0 603#00
(1780773403.975644) vcan0 604#00
(1780773403.975667) vcan0 607#01000000
(1780773404.161617) vcan0 600#00000000
(1780773404.161666) vcan0 601#00000000
(1780773404.161695) vcan0 602#7F000000
(1780773404.176848) vcan0 603#00
(1780773404.176889) vcan0 604#00
(1780773404.176911) vcan0 607#01000000
(1780773404.326097) vcan0 600#00000000
(1780773404.326145) vcan0 601#00000000
(1780773404.326175) vcan0 602#7F000000
(1780773404.326212) vcan0 606#00
(1780773404.389585) vcan0 603#00
(1780773404.389625) vcan0 604#00
(1780773404.389650) vcan0 607#01000000
(1780773404.437010) vcan0 60D#00000010
(1780773404.437624) vcan0 600#00000000
(1780773404.437659) vcan0 601#00000000
(1780773404.437683) vcan0 602#7F000000
(1780773404.557044) vcan0 600#00000000
(1780773404.557075) vcan0 601#00000000
(1780773404.557098) vcan0 602#7F000000
(1780773404.604570) vcan0 603#00
(1780773404.604614) vcan0 604#00
(1780773404.604636) vcan0 607#01000000
(1780773404.749778) vcan0 600#00000000
(1780773404.749820) vcan0 601#00000000
(1780773404.749854) vcan0 602#7F000000
(1780773404.813571) vcan0 603#00
(1780773404.813606) vcan0 604#00
(1780773404.813626) vcan0 607#01000000
(1780773404.829530) vcan0 606#00
(1780773404.861578) vcan0 600#00000000
(1780773404.861613) vcan0 601#00000000
(1780773404.861632) vcan0 602#7F000000
(1780773404.996051) vcan0 600#00000000
(1780773404.996138) vcan0 601#00000000
(1780773404.996168) vcan0 602#7F000000
(1780773405.027558) vcan0 603#00
(1780773405.027593) vcan0 604#00
(1780773405.027612) vcan0 607#01000000
(1780773405.186839) vcan0 600#00000000
(1780773405.186894) vcan0 601#00000000
(1780773405.186940) vcan0 602#7F000000
(1780773405.234606) vcan0 603#00
(1780773405.234651) vcan0 604#00
(1780773405.234674) vcan0 607#01000000
(1780773405.310286) vcan0 60D#00000001
(1780773405.348500) vcan0 600#00000000
(1780773405.348547) vcan0 601#00000000
(1780773405.348576) vcan0 602#7F000000
(1780773405.348617) vcan0 606#00
(1780773405.443567) vcan0 603#00
(1780773405.443611) vcan0 604#00
(1780773405.443637) vcan0 607#01000000
(1780773405.459538) vcan0 600#00000000
(1780773405.459568) vcan0 601#00000000
(1780773405.459586) vcan0 602#7F000000
(1780773405.590855) vcan0 600#00000000
(1780773405.591940) vcan0 601#00000000
(1780773405.592019) vcan0 602#7F000000
(1780773405.654561) vcan0 603#00
(1780773405.654604) vcan0 604#00
(1780773405.654627) vcan0 607#01000000
(1780773405.777610) vcan0 600#00000000
(1780773405.777662) vcan0 601#00000000
(1780773405.777693) vcan0 602#7F000000
(1780773405.856538) vcan0 603#00
(1780773405.856574) vcan0 604#00
(1780773405.856594) vcan0 606#00
(1780773405.856609) vcan0 607#01000000
(1780773405.888549) vcan0 600#00000000
(1780773405.888586) vcan0 601#00000000
(1780773405.888606) vcan0 602#7F000000
(1780773406.012427) vcan0 600#00000000
(1780773406.012470) vcan0 601#00000000
(1780773406.012497) vcan0 602#7F000000
(1780773406.047012) vcan0 60D#00000000
(1780773406.059610) vcan0 603#00
(1780773406.059649) vcan0 604#00
(1780773406.059672) vcan0 607#01000000
(1780773406.212605) vcan0 600#00000000
(1780773406.212682) vcan0 601#00000000
(1780773406.212720) vcan0 602#7F000000
(1780773406.260596) vcan0 603#00
(1780773406.260654) vcan0 604#00
(1780773406.260679) vcan0 607#01000000
(1780773406.376075) vcan0 600#00000000
(1780773406.376116) vcan0 601#00000000
(1780773406.376140) vcan0 602#7F000000
(1780773406.376164) vcan0 606#00
(1780773406.470550) vcan0 603#00
(1780773406.470582) vcan0 604#00
(1780773406.470603) vcan0 607#01000000
(1780773406.486461) vcan0 600#00000000
(1780773406.486490) vcan0 601#00000000
(1780773406.486511) vcan0 602#7F000000
(1780773406.607173) vcan0 600#00000000
(1780773406.607221) vcan0 601#00000000
(1780773406.607245) vcan0 602#7F000000
(1780773406.670558) vcan0 603#00
(1780773406.670592) vcan0 604#00
(1780773406.670611) vcan0 607#01000000
(1780773406.793702) vcan0 60D#00000001
(1780773406.809067) vcan0 600#00000000
(1780773406.809125) vcan0 601#00000000
(1780773406.809169) vcan0 602#7F000000
(1780773406.872547) vcan0 603#00
(1780773406.872582) vcan0 604#00
(1780773406.872602) vcan0 607#01000000
(1780773406.888520) vcan0 606#00
(1780773406.920616) vcan0 600#00000000
(1780773406.920658) vcan0 601#00000000
(1780773406.920681) vcan0 602#7F000000
(1780773407.043587) vcan0 600#00000000
(1780773407.043648) vcan0 601#00000000
(1780773407.043681) vcan0 602#7F000000
(1780773407.074547) vcan0 603#00
(1780773407.074584) vcan0 604#00
(1780773407.074603) vcan0 607#01000000
(1780773407.230618) vcan0 600#00000000
(1780773407.230684) vcan0 601#00000000
(1780773407.230729) vcan0 602#7F000000
(1780773407.277531) vcan0 603#00
(1780773407.277566) vcan0 604#00
(1780773407.277586) vcan0 607#01000000
(1780773407.340252) vcan0 60D#00000083
(1780773407.406874) vcan0 600#00000000
(1780773407.406956) vcan0 601#00000000
(1780773407.407012) vcan0 602#7F000000
(1780773407.407047) vcan0 606#00
(1780773407.485517) vcan0 603#00
(1780773407.485553) vcan0 604#00
(1780773407.485578) vcan0 607#01000000
(1780773407.517579) vcan0 600#00000000
(1780773407.517639) vcan0 601#00000000
(1780773407.517661) vcan0 602#7F000000
(1780773407.636899) vcan0 600#00000000
(1780773407.637336) vcan0 601#00000000
(1780773407.637363) vcan0 602#7F000000
(1780773407.700544) vcan0 603#00
(1780773407.700582) vcan0 604#00
(1780773407.700602) vcan0 607#01000000
(1780773407.834268) vcan0 600#00000000
(1780773407.834361) vcan0 601#00000000
(1780773407.834399) vcan0 602#7F000000
(1780773407.909518) vcan0 603#00
(1780773407.909568) vcan0 604#00
(1780773407.909594) vcan0 606#00
(1780773407.909611) vcan0 607#01000000
(1780773407.941654) vcan0 600#00000000
(1780773407.941716) vcan0 601#00000000
(1780773407.941741) vcan0 602#7F000000
(1780773408.063582) vcan0 600#00000000
(1780773408.063637) vcan0 601#00000000
(1780773408.063672) vcan0 602#7F000000
(1780773408.110612) vcan0 603#00
(1780773408.110650) vcan0 604#00
(1780773408.110670) vcan0 607#01000000
(1780773408.256719) vcan0 600#00000000
(1780773408.256772) vcan0 601#00000000
(1780773408.256811) vcan0 602#7F000000
(1780773408.300994) vcan0 607#FFFFFFFF
(1780773408.321583) vcan0 603#00
(1780773408.321638) vcan0 604#00
(1780773408.321670) vcan0 607#01000000
(1780773408.432584) vcan0 600#00000000
(1780773408.432622) vcan0 601#00000000
(1780773408.432645) vcan0 602#7F000000
(1780773408.432671) vcan0 606#00
(1780773408.527540) vcan0 603#00
(1780773408.527579) vcan0 604#00
(1780773408.527604) vcan0 607#01000000
(1780773408.543539) vcan0 600#00000000
(1780773408.543579) vcan0 601#00000000
(1780773408.543609) vcan0 602#7F000000
(1780773408.662275) vcan0 600#00000000
(1780773408.662323) vcan0 601#00000000
(1780773408.662348) vcan0 602#7F000000
(1780773408.741553) vcan0 603#00
(1780773408.741598) vcan0 604#00
(1780773408.741626) vcan0 607#01000000
(1780773408.851766) vcan0 600#00000000
(1780773408.851821) vcan0 601#00000000
(1780773408.851856) vcan0 602#7F000000
(1780773408.947537) vcan0 603#00
(1780773408.947572) vcan0 604#00
(1780773408.947593) vcan0 606#00
(1780773408.947609) vcan0 607#01000000
(1780773408.963553) vcan0 600#00000000
(1780773408.963585) vcan0 601#00000000
(1780773408.963604) vcan0 602#7F000000
(1780773409.053986) vcan0 60D#00000100
(1780773409.094319) vcan0 600#00000000
(1780773409.094376) vcan0 601#00000000
(1780773409.094421) vcan0 602#7F000000
(1780773409.157534) vcan0 603#00
(1780773409.157572) vcan0 604#00
(1780773409.157593) vcan0 607#01000000
(1780773409.281310) vcan0 600#00000000
(1780773409.281492) vcan0 601#00000000
(1780773409.281521) vcan0 602#7F000000
(1780773409.442305) vcan0 600#00000000
(1780773409.442378) vcan0 601#00000000
(1780773409.442418) vcan0 602#7F000000
(1780773409.442448) vcan0 603#00
(1780773409.442473) vcan0 604#00
(1780773409.442498) vcan0 607#01000000
(1780773409.457576) vcan0 606#00
(1780773409.552555) vcan0 600#00000000
(1780773409.552589) vcan0 601#00000000
(1780773409.552608) vcan0 602#7F000000
(1780773409.685119) vcan0 600#00000000
(1780773409.685177) vcan0 601#00000000
(1780773409.685204) vcan0 602#7F000000
(1780773409.685228) vcan0 603#00
(1780773409.685249) vcan0 604#00
(1780773409.685272) vcan0 607#01000000
(1780773409.871503) vcan0 600#00000000
(1780773409.871540) vcan0 601#00000000
(1780773409.871559) vcan0 602#7F000000
(1780773409.886916) vcan0 603#00
(1780773409.886976) vcan0 604#00
(1780773409.887012) vcan0 607#01000000
(1780773409.948001) vcan0 60D#00000001
(1780773409.966497) vcan0 606#00
(1780773409.982465) vcan0 600#00000000
(1780773409.982493) vcan0 601#00000000
(1780773409.982514) vcan0 602#7F000000
(1780773410.111209) vcan0 600#00000000
(1780773410.111266) vcan0 601#00000000
(1780773410.111292) vcan0 602#7F000000
(1780773410.111321) vcan0 603#00
(1780773410.111351) vcan0 604#00
(1780773410.111394) vcan0 607#01000000
(1780773410.314131) vcan0 600#00000000
(1780773410.314239) vcan0 601#00000000
(1780773410.314278) vcan0 602#7F000000
(1780773410.314313) vcan0 603#00
(1780773410.314343) vcan0 604#00
(1780773410.314389) vcan0 607#01000000
(1780773410.479090) vcan0 600#00000000
(1780773410.479162) vcan0 601#00000000
(1780773410.479196) vcan0 602#7F000000
(1780773410.479227) vcan0 606#00
(1780773410.526518) vcan0 603#00
(1780773410.526553) vcan0 604#00
(1780773410.526572) vcan0 607#01000000
(1780773410.590564) vcan0 600#00000000
(1780773410.590607) vcan0 601#00000000
(1780773410.590628) vcan0 602#7F000000
(1780773410.711498) vcan0 600#00000000
(1780773410.711561) vcan0 601#00000000
(1780773410.711600) vcan0 602#7F000000
(1780773410.726575) vcan0 603#00
(1780773410.726614) vcan0 604#00
(1780773410.726638) vcan0 607#01000000
(1780773410.848617) vcan0 60D#00000004
(1780773410.915611) vcan0 600#00000000
(1780773410.915661) vcan0 601#00000000
(1780773410.915690) vcan0 602#7F000000
(1780773410.931571) vcan0 603#00
(1780773410.931604) vcan0 604#00
(1780773410.931624) vcan0 607#01000000
(1780773410.979555) vcan0 606#00
(1780773411.027632) vcan0 600#00000000
(1780773411.027677) vcan0 601#00000000
(1780773411.027700) vcan0 602#7F000000
(1780773411.149906) vcan0 600#00000000
(1780773411.149963) vcan0 601#00000000
(1780773411.149989) vcan0 602#7F000000
(1780773411.150014) vcan0 603#00
(1780773411.150041) vcan0 604#00
(1780773411.150084) vcan0 607#01000000
(1780773411.336096) vcan0 600#00000000
(1780773411.336142) vcan0 601#00000000
(1780773411.336168) vcan0 602#7F000000
(1780773411.351735) vcan0 603#00
(1780773411.351790) vcan0 604#00
(1780773411.351817) vcan0 607#01000000
(1780773411.501628) vcan0 600#00000000
(1780773411.501680) vcan0 601#00000000
(1780773411.501743) vcan0 602#7F000000
(1780773411.501778) vcan0 606#00
(1780773411.504068) vcan0 60C#01
(1780773411.565548) vcan0 603#00
(1780773411.565591) vcan0 604#00
(1780773411.565614) vcan0 607#01000000
(1780773411.613516) vcan0 600#00000000
(1780773411.613553) vcan0 601#00000000
(1780773411.613572) vcan0 602#7F000000
(1780773411.747332) vcan0 600#00000000
(1780773411.747382) vcan0 601#00000000
(1780773411.747412) vcan0 602#7F000000
(1780773411.778515) vcan0 603#00
(1780773411.778553) vcan0 604#00
(1780773411.778576) vcan0 607#01000000
(1780773411.935227) vcan0 600#00000000
(1780773411.935294) vcan0 601#00000000
(1780773411.935333) vcan0 602#7F000000
(1780773411.982503) vcan0 603#00
(1780773411.982540) vcan0 604#00
(1780773411.982565) vcan0 607#01000000
(1780773412.014504) vcan0 606#00
(1780773412.046547) vcan0 600#00000000
(1780773412.046604) vcan0 601#00000000
(1780773412.046636) vcan0 602#7F000000
(1780773412.165351) vcan0 600#00000000
(1780773412.165388) vcan0 601#00000000
(1780773412.165415) vcan0 602#7F000000
(1780773412.196539) vcan0 603#00
(1780773412.196578) vcan0 604#00
(1780773412.196601) vcan0 607#01000000
(1780773412.364615) vcan0 600#00000000
(1780773412.364682) vcan0 601#00000000
(1780773412.364718) vcan0 602#7F000000
(1780773412.377079) vcan0 60D#00000003
(1780773412.412585) vcan0 603#00
(1780773412.412648) vcan0 604#00
(1780773412.412676) vcan0 607#01000000
(1780773412.528596) vcan0 600#00000000
(1780773412.528742) vcan0 601#00000000
(1780773412.528787) vcan0 602#7F000000
(1780773412.528829) vcan0 606#00
(1780773412.623517) vcan0 603#00
(1780773412.623550) vcan0 604#00
(1780773412.623571) vcan0 607#01000000
(1780773412.639578) vcan0 600#00000000
(1780773412.639620) vcan0 601#00000000
(1780773412.639645) vcan0 602#7F000000
(1780773412.758561) vcan0 600#00000000
(1780773412.758621) vcan0 601#00000000
(1780773412.758688) vcan0 602#7F000000
(1780773412.837514) vcan0 603#00
(1780773412.837552) vcan0 604#00
(1780773412.837572) vcan0 607#01000000
(1780773412.961067) vcan0 600#00000000
(1780773412.961132) vcan0 601#00000000
(1780773412.961164) vcan0 602#7F000000
(1780773413.040493) vcan0 603#00
(1780773413.040534) vcan0 604#00
(1780773413.040565) vcan0 606#00
(1780773413.040590) vcan0 607#01000000
(1780773413.072542) vcan0 600#00000000
(1780773413.072586) vcan0 601#00000000
(1780773413.072608) vcan0 602#7F000000
(1780773413.106792) vcan0 604#01
(1780773413.192865) vcan0 600#00000000
(1780773413.192905) vcan0 601#00000000
(1780773413.192939) vcan0 602#7F000000
(1780773413.240514) vcan0 603#00
(1780773413.240546) vcan0 604#00
(1780773413.240566) vcan0 607#01000000
(1780773413.377260) vcan0 600#00000000
(1780773413.377321) vcan0 601#00000000
(1780773413.377354) vcan0 602#7F000000
(1780773413.554088) vcan0 600#00000000
(1780773413.554144) vcan0 601#00000000
(1780773413.554179) vcan0 602#7F000000
(1780773413.554215) vcan0 603#00
(1780773413.554243) vcan0 604#00
(1780773413.554271) vcan0 606#00
(1780773413.554307) vcan0 607#01000000
(1780773413.665577) vcan0 600#00000000
(1780773413.665627) vcan0 601#00000000
(1780773413.665656) vcan0 602#7F000000
(1780773413.708032) vcan0 60D#00000010
(1780773413.783601) vcan0 600#00000000
(1780773413.783660) vcan0 601#00000000
(1780773413.783699) vcan0 602#7F000000
(1780773413.783733) vcan0 603#00
(1780773413.783764) vcan0 604#00
(1780773413.783794) vcan0 607#01000000
(1780773413.973303) vcan0 600#00000000
(1780773413.973357) vcan0 601#00000000
(1780773413.973380) vcan0 602#7F000000
(1780773413.988501) vcan0 603#00
(1780773413.988535) vcan0 604#00
(1780773413.988556) vcan0 607#01000000
(1780773414.068479) vcan0 606#00
(1780773414.084477) vcan0 600#00000000
(1780773414.084509) vcan0 601#00000000
(1780773414.084529) vcan0 602#7F000000
(1780773414.216741) vcan0 600#00000000
(1780773414.216798) vcan0 601#00000000
(1780773414.216851) vcan0 602#7F000000
(1780773414.216882) vcan0 603#00
(1780773414.216915) vcan0 604#00
(1780773414.216980) vcan0 607#01000000
(1780773414.408335) vcan0 600#00000000
(1780773414.408431) vcan0 601#00000000
(1780773414.408464) vcan0 602#7F000000
(1780773414.423644) vcan0 603#00
(1780773414.423692) vcan0 604#00
(1780773414.423714) vcan0 607#01000000
(1780773414.571410) vcan0 600#00000000
(1780773414.571486) vcan0 601#00000000
(1780773414.571527) vcan0 602#7F000000
(1780773414.571562) vcan0 606#00
(1780773414.634687) vcan0 603#00
(1780773414.634776) vcan0 604#00
(1780773414.634813) vcan0 607#01000000
(1780773414.677006) vcan0 60D#00000083
(1780773414.682540) vcan0 600#00000000
(1780773414.682572) vcan0 601#00000000
(1780773414.682596) vcan0 602#7F000000
(1780773414.809556) vcan0 600#00000000
(1780773414.809633) vcan0 601#00000000
(1780773414.809672) vcan0 602#7F000000
(1780773414.840579) vcan0 603#00
(1780773414.840618) vcan0 604#00
(1780773414.840638) vcan0 607#01000000
(1780773415.014670) vcan0 600#00000000
(1780773415.014725) vcan0 601#00000000
(1780773415.014755) vcan0 602#7F000000
(1780773415.046491) vcan0 603#00
(1780773415.046539) vcan0 604#00
(1780773415.046564) vcan0 607#01000000
(1780773415.078501) vcan0 606#00
(1780773415.126542) vcan0 600#00000000
(1780773415.126594) vcan0 601#00000000
(1780773415.126617) vcan0 602#7F000000
(1780773415.245446) vcan0 600#00000000
(1780773415.245477) vcan0 601#00000000
(1780773415.245499) vcan0 602#7F000000
(1780773415.260540) vcan0 603#00
(1780773415.260580) vcan0 604#00
(1780773415.260600) vcan0 607#01000000
(1780773415.301992) vcan0 60D#00000001
(1780773415.434296) vcan0 600#00000000
(1780773415.434361) vcan0 601#00000000
(1780773415.434393) vcan0 602#7F000000
(1780773415.464470) vcan0 603#00
(1780773415.464504) vcan0 604#00
(1780773415.464523) vcan0 607#01000000
(1780773415.597621) vcan0 600#00000000
(1780773415.597683) vcan0 601#00000000
(1780773415.597715) vcan0 602#7F000000
(1780773415.597790) vcan0 606#00
(1780773415.677505) vcan0 603#00
(1780773415.677541) vcan0 604#00
(1780773415.677562) vcan0 607#01000000
(1780773415.709505) vcan0 600#00000000
(1780773415.709539) vcan0 601#00000000
(1780773415.709559) vcan0 602#7F000000
(1780773415.845590) vcan0 600#00000000
(1780773415.845644) vcan0 601#00000000
(1780773415.845674) vcan0 602#7F000000
(1780773415.893575) vcan0 603#00
(1780773415.893624) vcan0 604#00
(1780773415.893650) vcan0 607#01000000
(1780773415.999646) vcan0 60D#00000003
(1780773416.036765) vcan0 600#00000000
(1780773416.036830) vcan0 601#00000000
(1780773416.036876) vcan0 602#7F000000
(1780773416.100515) vcan0 603#00
(1780773416.100552) vcan0 604#00
(1780773416.100607) vcan0 606#00
(1780773416.100648) vcan0 607#01000000
(1780773416.148559) vcan0 600#00000000
(1780773416.148602) vcan0 601#00000000
(1780773416.148625) vcan0 602#7F000000
(1780773416.268430) vcan0 600#00000000
(1780773416.268474) vcan0 601#00000000
(1780773416.268500) vcan0 602#7F000000
(1780773416.316473) vcan0 603#00
(1780773416.316512) vcan0 604#00
(1780773416.316534) vcan0 607#01000000
(1780773416.469500) vcan0 600#00000000
(1780773416.469557) vcan0 601#00000000
(1780773416.469587) vcan0 602#7F000000
(1780773416.516541) vcan0 603#00
(1780773416.516587) vcan0 604#00
(1780773416.516611) vcan0 607#01000000
(1780773416.631095) vcan0 600#00000000
(1780773416.631141) vcan0 601#00000000
(1780773416.631168) vcan0 602#7F000000
(1780773416.631201) vcan0 606#00
(1780773416.726494) vcan0 603#00
(1780773416.726527) vcan0 604#00
(1780773416.726547) vcan0 607#01000000
(1780773416.742393) vcan0 600#00000000
(1780773416.742418) vcan0 601#00000000
(1780773416.742438) vcan0 602#7F000000
(1780773416.864731) vcan0 600#00000000
(1780773416.864765) vcan0 601#00000000
(1780773416.864791) vcan0 602#7F000000
(1780773416.914126) vcan0 60D#00000083
(1780773416.928471) vcan0 603#00
(1780773416.928504) vcan0 604#00
(1780773416.928525) vcan0 607#01000000
(1780773417.067793) vcan0 600#00000000
(1780773417.067880) vcan0 601#00000000
(1780773417.067938) vcan0 602#7F000000
(1780773417.131491) vcan0 603#00
(1780773417.131526) vcan0 604#00
(1780773417.131547) vcan0 606#00
(1780773417.131565) vcan0 607#01000000
(1780773417.179482) vcan0 600#00000000
(1780773417.179517) vcan0 601#00000000
(1780773417.179535) vcan0 602#7F000000
(1780773417.299176) vcan0 600#00000000
(1780773417.299203) vcan0 601#00000000
(1780773417.299221) vcan0 602#7F000000
(1780773417.346625) vcan0 603#00
(1780773417.346672) vcan0 604#00
(1780773417.346695) vcan0 607#01000000
(1780773417.430354) vcan0 60D#00000100
(1780773417.492379) vcan0 600#00000000
(1780773417.492422) vcan0 601#00000000
(1780773417.492445) vcan0 602#7F000000
(1780773417.555536) vcan0 603#00
(1780773417.555585) vcan0 604#00
(1780773417.555612) vcan0 607#01000000
(1780773417.667867) vcan0 600#00000000
(1780773417.667916) vcan0 601#00000000
(1780773417.667953) vcan0 602#7F000000
(1780773417.667980) vcan0 606#00
(1780773417.763461) vcan0 603#00
(1780773417.763495) vcan0 604#00
(1780773417.763514) vcan0 607#01000000
(1780773417.779515) vcan0 600#00000000
(1780773417.779550) vcan0 601#00000000
(1780773417.779573) vcan0 602#7F000000
(1780773417.900768) vcan0 600#00000000
(1780773417.900813) vcan0 601#00000000
(1780773417.900841) vcan0 602#7F000000
(1780773417.964481) vcan0 603#00
(1780773417.964518) vcan0 604#00
(1780773417.964541) vcan0 607#01000000
(1780773418.051700) vcan0 60D#00000004
(1780773418.089264) vcan0 600#00000000
(1780773418.089313) vcan0 601#00000000
(1780773418.089356) vcan0 602#7F000000
(1780773418.168448) vcan0 603#00
(1780773418.168481) vcan0 604#00
(1780773418.168501) vcan0 606#00
(1780773418.168517) vcan0 607#01000000
(1780773418.200531) vcan0 600#00000000
(1780773418.200565) vcan0 601#00000000
(1780773418.200586) vcan0 602#7F000000
(1780773418.321301) vcan0 600#00000000
(1780773418.321368) vcan0 601#00000000
(1780773418.321397) vcan0 602#7F000000
(1780773418.368466) vcan0 603#00
(1780773418.368500) vcan0 604#00
(1780773418.368520) vcan0 607#01000000
(1780773418.523133) vcan0 600#00000000
(1780773418.523207) vcan0 601#00000000
(1780773418.523246) vcan0 602#7F000000
(1780773418.570547) vcan0 603#00
(1780773418.570590) vcan0 604#00
(1780773418.570615) vcan0 607#01000000
(1780773418.685655) vcan0 600#00000000
(1780773418.685709) vcan0 601#00000000
(1780773418.685740) vcan0 602#7F000000
(1780773418.685778) vcan0 606#00
(1780773418.781488) vcan0 603#00
(1780773418.781525) vcan0 604#00
(1780773418.781545) vcan0 607#01000000
(1780773418.797481) vcan0 600#00000000
(1780773418.797511) vcan0 601#00000000
(1780773418.797531) vcan0 602#7F000000
(1780773418.850974) vcan0 60D#00000001
(1780773418.916726) vcan0 600#00000000
(1780773418.916773) vcan0 601#00000000
(1780773418.916805) vcan0 602#7F000000
(1780773418.996485) vcan0 603#00
(1780773418.996524) vcan0 604#00
(1780773418.996547) vcan0 607#01000000
(1780773419.120237) vcan0 600#00000000
(1780773419.120294) vcan0 601#00000000
(1780773419.120320) vcan0 602#7F000000
(1780773419.199448) vcan0 603#00
(1780773419.199487) vcan0 604#00
(1780773419.199510) vcan0 606#00
(1780773419.199529) vcan0 607#01000000
(1780773419.231469) vcan0 600#00000000
(1780773419.231513) vcan0 601#00000000
(1780773419.231535) vcan0 602#7F000000
(1780773419.352826) vcan0 600#00000000
(1780773419.352891) vcan0 601#00000000
(1780773419.353009) vcan0 602#7F000000
(1780773419.400467) vcan0 603#00
(1780773419.400500) vcan0 604#00
(1780773419.400519) vcan0 607#01000000
(1780773419.539378) vcan0 600#00000000
(1780773419.539440) vcan0 601#00000000
(1780773419.539477) vcan0 602#7F000000
(1780773419.701351) vcan0 600#00000000
(1780773419.701413) vcan0 601#00000000
(1780773419.701444) vcan0 602#7F000000
(1780773419.701471) vcan0 603#00
(1780773419.701498) vcan0 604#00
(1780773419.701529) vcan0 606#00
(1780773419.701557) vcan0 607#01000000
(1780773419.725121) vcan0 60D#00000003
(1780773419.812620) vcan0 600#00000000
(1780773419.812677) vcan0 601#00000000
(1780773419.812702) vcan0 602#7F000000
(1780773419.937971) vcan0 600#00000000
(1780773419.938045) vcan0 601#00000000
(1780773419.938076) vcan0 602#7F000000
(1780773419.938108) vcan0 603#00
(1780773419.938137) vcan0 604#00
(1780773419.938169) vcan0 607#01000000
(1780773420.141840) vcan0 600#00000000
(1780773420.141902) vcan0 601#00000000
(1780773420.141948) vcan0 602#7F000000
(1780773420.141981) vcan0 603#00
(1780773420.142009) vcan0 604#00
(1780773420.142032) vcan0 607#01000000
(1780773420.205477) vcan0 606#00
(1780773420.253506) vcan0 600#00000000
(1780773420.253549) vcan0 601#00000000
(1780773420.253572) vcan0 602#7F000000
(1780773420.375362) vcan0 600#00000000
(1780773420.375409) vcan0 601#00000000
(1780773420.375439) vcan0 602#7F000000
(1780773420.375466) vcan0 603#00
(1780773420.375489) vcan0 604#00
(1780773420.375513) vcan0 607#01000000
(1780773420.564310) vcan0 600#00000000
(1780773420.564358) vcan0 601#00000000
(1780773420.564384) vcan0 602#7F000000
(1780773420.579483) vcan0 603#00
(1780773420.579518) vcan0 604#00
(1780773420.579538) vcan0 607#01000000
(1780773420.647051) vcan0 604#01
(1780773420.740050) vcan0 600#00000000
(1780773420.740119) vcan0 601#00000000
(1780773420.740158) vcan0 602#7F000000
(1780773420.740191) vcan0 606#00
(1780773420.787460) vcan0 603#00
(1780773420.787492) vcan0 604#00
(1780773420.787510) vcan0 607#01000000
(1780773420.851493) vcan0 600#00000000
(1780773420.851538) vcan0 601#00000000
(1780773420.851566) vcan0 602#7F000000
(1780773420.979873) vcan0 600#00000000
(1780773420.979938) vcan0 601#00000000
(1780773420.979970) vcan0 602#7F000000
(1780773420.995484) vcan0 603#00
(1780773420.995519) vcan0 604#00
(1780773420.995539) vcan0 607#01000000
(1780773421.173349) vcan0 600#00000000
(1780773421.173405) vcan0 601#00000000
(1780773421.173432) vcan0 602#7F000000
(1780773421.204486) vcan0 603#00
(1780773421.204520) vcan0 604#00
(1780773421.204540) vcan0 607#01000000
(1780773421.252476) vcan0 606#00
(1780773421.284456) vcan0 600#00000000
(1780773421.284488) vcan0 601#00000000
(1780773421.284506) vcan0 602#7F000000
(1780773421.416460) vcan0 600#00000000
(1780773421.416500) vcan0 601#00000000
(1780773421.416525) vcan0 602#7F000000
(1780773421.416550) vcan0 603#00
(1780773421.416576) vcan0 604#00
(1780773421.416603) vcan0 607#01000000
(1780773421.593998) vcan0 60D#00000083
(1780773421.610445) vcan0 600#00000000
(1780773421.610486) vcan0 601#00000000
(1780773421.610513) vcan0 602#7F000000
(1780773421.625988) vcan0 603#00
(1780773421.626050) vcan0 604#00
(1780773421.626080) vcan0 607#01000000
(1780773421.772251) vcan0 600#00000000
(1780773421.772291) vcan0 601#00000000
(1780773421.772329) vcan0 602#7F000000
(1780773421.772364) vcan0 606#00
(1780773421.835459) vcan0 603#00
(1780773421.835495) vcan0 604#00
(1780773421.835515) vcan0 607#01000000
(1780773421.883470) vcan0 600#00000000
(1780773421.883505) vcan0 601#00000000
(1780773421.883524) vcan0 602#7F000000
(1780773422.019388) vcan0 600#00000000
(1780773422.019441) vcan0 601#00000000
(1780773422.019470) vcan0 602#7F000000
(1780773422.050485) vcan0 603#00
(1780773422.050530) vcan0 604#00
(1780773422.050552) vcan0 607#01000000
(1780773422.214291) vcan0 600#00000000
(1780773422.214345) vcan0 601#00000000
(1780773422.214377) vcan0 602#7F000000
(1780773422.230662) vcan0 60D#00000004
(1780773422.261429) vcan0 603#00
(1780773422.261465) vcan0 604#00
(1780773422.261487) vcan0 607#01000000
(1780773422.277405) vcan0 606#00
(1780773422.326450) vcan0 600#00000000
(1780773422.326498) vcan0 601#00000000
(1780773422.326526) vcan0 602#7F000000
(1780773422.446070) vcan0 600#00000000
(1780773422.446124) vcan0 601#00000000
(1780773422.446155) vcan0 602#7F000000
(1780773422.461469) vcan0 603#00
(1780773422.461506) vcan0 604#00
(1780773422.461527) vcan0 607#01000000
(1780773422.639944) vcan0 600#00000000
(1780773422.640040) vcan0 601#00000000
(1780773422.640069) vcan0 602#7F000000
(1780773422.671513) vcan0 603#00
(1780773422.671554) vcan0 604#00
(1780773422.671577) vcan0 607#01000000
(1780773422.817279) vcan0 600#00000000
(1780773422.817356) vcan0 601#00000000
(1780773422.817396) vcan0 602#7F000000
(1780773422.817428) vcan0 606#00
(1780773422.842035) vcan0 60D#00000004
(1780773422.880483) vcan0 603#00
(1780773422.880519) vcan0 604#00
(1780773422.880539) vcan0 607#01000000
(1780773422.928463) vcan0 600#00000000
(1780773422.928505) vcan0 601#00000000
(1780773422.928526) vcan0 602#7F000000
(1780773423.050620) vcan0 600#00000000
(1780773423.050659) vcan0 601#00000000
(1780773423.050688) vcan0 602#7F000000
(1780773423.082464) vcan0 603#00
(1780773423.082496) vcan0 604#00
(1780773423.082516) vcan0 607#01000000
(1780773423.241320) vcan0 600#00000000
(1780773423.241379) vcan0 601#00000000
(1780773423.241407) vcan0 602#7F000000
(1780773423.289465) vcan0 603#00
(1780773423.289503) vcan0 604#00
(1780773423.289523) vcan0 607#01000000
(1780773423.321482) vcan0 606#00
(1780773423.353464) vcan0 600#00000000
(1780773423.353497) vcan0 601#00000000
(1780773423.353517) vcan0 602#7F000000
(1780773423.483947) vcan0 600#00000000
(1780773423.483999) vcan0 601#00000000
(1780773423.484025) vcan0 602#7F000000
(1780773423.499464) vcan0 603#00
(1780773423.499503) vcan0 604#00
(1780773423.499524) vcan0 607#01000000
(1780773423.674586) vcan0 600#00000000
(1780773423.674642) vcan0 601#00000000
(1780773423.674672) vcan0 602#7F000000
(1780773423.706467) vcan0 603#00
(1780773423.706505) vcan0 604#00
(1780773423.706527) vcan0 607#01000000
(1780773423.795582) vcan0 60D#00000010
(1780773423.835671) vcan0 600#00000000
(1780773423.835714) vcan0 601#00000000
(1780773423.835738) vcan0 602#7F000000
(1780773423.835762) vcan0 606#00
(1780773423.915443) vcan0 603#00
(1780773423.915476) vcan0 604#00
(1780773423.915496) vcan0 607#01000000
(1780773423.947447) vcan0 600#00000000
(1780773423.947483) vcan0 601#00000000
(1780773423.947503) vcan0 602#7F000000
(1780773424.068968) vcan0 600#00000000
(1780773424.069019) vcan0 601#00000000
(1780773424.069046) vcan0 602#7F000000
(1780773424.116484) vcan0 603#00
(1780773424.116524) vcan0 604#00
(1780773424.116548) vcan0 607#01000000
(1780773424.263212) vcan0 600#00000000
(1780773424.263287) vcan0 601#00000000
(1780773424.263316) vcan0 602#7F000000
(1780773424.327438) vcan0 603#00
(1780773424.327477) vcan0 604#00
(1780773424.327496) vcan0 607#01000000
(1780773424.343446) vcan0 606#00
(1780773424.375481) vcan0 600#00000000
(1780773424.375526) vcan0 601#00000000
(1780773424.375546) vcan0 602#7F000000
(1780773424.508368) vcan0 600#00000000
(1780773424.508411) vcan0 601#00000000
(1780773424.508436) vcan0 602#7F000000
(1780773424.539468) vcan0 603#00
(1780773424.539507) vcan0 604#00
(1780773424.539526) vcan0 607#01000000
(1780773424.693049) vcan0 600#00000000
(1780773424.693092) vcan0 601#00000000
(1780773424.693118) vcan0 602#7F000000
(1780773424.740477) vcan0 603#00
(1780773424.740523) vcan0 604#00
(1780773424.740547) vcan0 607#01000000
(1780773424.775016) vcan0 60D#00000083
(1780773424.858690) vcan0 600#00000000
(1780773424.858755) vcan0 601#00000000
(1780773424.858789) vcan0 602#7F000000
(1780773424.858828) vcan0 606#00
(1780773424.954400) vcan0 603#00
(1780773424.954436) vcan0 604#00
(1780773424.954461) vcan0 607#01000000
(1780773424.970429) vcan0 600#00000000
(1780773424.970460) vcan0 601#00000000
(1780773424.970478) vcan0 602#7F000000
(1780773425.106742) vcan0 600#00000000
(1780773425.106800) vcan0 601#00000000
(1780773425.106831) vcan0 602#7F000000
(1780773425.154457) vcan0 603#00
(1780773425.154506) vcan0 604#00
(1780773425.154533) vcan0 607#01000000
(1780773425.298746) vcan0 600#00000000
(1780773425.298816) vcan0 601#00000000
(1780773425.298862) vcan0 602#7F000000
(1780773425.362434) vcan0 603#00
(1780773425.362469) vcan0 604#00
(1780773425.362491) vcan0 606#00
(1780773425.362508) vcan0 607#01000000
(1780773425.410401) vcan0 600#00000000
(1780773425.410431) vcan0 601#00000000
(1780773425.410450) vcan0 602#7F000000
(1780773425.535037) vcan0 600#00000000
(1780773425.535079) vcan0 601#00000000
(1780773425.535103) vcan0 602#7F000000
(1780773425.566455) vcan0 603#00
(1780773425.566493) vcan0 604#00
(1780773425.566514) vcan0 607#01000000
(1780773425.723172) vcan0 60D#00000010
(1780773425.738658) vcan0 600#00000000
(1780773425.738698) vcan0 601#00000000
(1780773425.738723) vcan0 602#7F000000
(1780773425.770409) vcan0 603#00
(1780773425.770442) vcan0 604#00
(1780773425.770461) vcan0 607#01000000
(1780773425.901655) vcan0 600#00000000
(1780773425.901696) vcan0 601#00000000
(1780773425.901725) vcan0 602#7F000000
(1780773425.901757) vcan0 606#00
(1780773425.981426) vcan0 603#00
(1780773425.981461) vcan0 604#00
(1780773425.981492) vcan0 607#01000000
(1780773426.013397) vcan0 600#00000000
(1780773426.013435) vcan0 601#00000000
(1780773426.013454) vcan0 602#7F000000
(1780773426.141158) vcan0 600#00000000
(1780773426.141216) vcan0 601#00000000
(1780773426.141241) vcan0 602#7F000000
(1780773426.188423) vcan0 603#00
(1780773426.188460) vcan0 604#00
(1780773426.188480) vcan0 607#01000000
(1780773426.343102) vcan0 600#00000000
(1780773426.343170) vcan0 601#00000000
(1780773426.343198) vcan0 602#7F000000
(1780773426.390434) vcan0 603#00
(1780773426.390471) vcan0 604#00
(1780773426.390491) vcan0 607#01000000
(1780773426.406384) vcan0 606#00
(1780773426.454432) vcan0 600#00000000
(1780773426.454474) vcan0 601#00000000
(1780773426.454494) vcan0 602#7F000000
(1780773426.581682) vcan0 600#00000000
(1780773426.581743) vcan0 601#00000000
(1780773426.581788) vcan0 602#7F000000
(1780773426.597446) vcan0 603#00
(1780773426.597483) vcan0 604#00
(1780773426.597502) vcan0 607#01000000
(1780773426.622033) vcan0 60D#00000000
(1780773426.773451) vcan0 600#00000000
(1780773426.773514) vcan0 601#00000000
(1780773426.773546) vcan0 602#7F000000
(1780773426.804391) vcan0 603#00
(1780773426.804427) vcan0 604#00
(1780773426.804450) vcan0 607#01000000
(1780773426.934792) vcan0 600#00000000
(1780773426.934835) vcan0 601#00000000
(1780773426.934864) vcan0 602#7F000000
(1780773426.934891) vcan0 606#00
(1780773427.014479) vcan0 603#00
(1780773427.014519) vcan0 604#00
(1780773427.014539) vcan0 607#01000000
(1780773427.046440) vcan0 600#00000000
(1780773427.046475) vcan0 601#00000000
(1780773427.046493) vcan0 602#7F000000
(1780773427.188620) vcan0 600#00000000
(1780773427.188682) vcan0 601#00000000
(1780773427.188717) vcan0 602#7F000000
(1780773427.220422) vcan0 603#00
(1780773427.220459) vcan0 604#00
(1780773427.220485) vcan0 607#01000000
(1780773427.324989) vcan0 60D#00000083
(1780773427.376827) vcan0 600#00000000
(1780773427.376861) vcan0 601#00000000
(1780773427.376886) vcan0 602#7F000000
(1780773427.424418) vcan0 603#00
(1780773427.424460) vcan0 604#00
(1780773427.424480) vcan0 607#01000000
(1780773427.440394) vcan0 606#00
(1780773427.487399) vcan0 600#00000000
(1780773427.487435) vcan0 601#00000000
(1780773427.487455) vcan0 602#7F000000
(1780773427.616130) vcan0 600#00000000
(1780773427.616179) vcan0 601#00000000
(1780773427.616207) vcan0 602#7F000000
(1780773427.631455) vcan0 603#00
(1780773427.631494) vcan0 604#00
(1780773427.631516) vcan0 607#01000000
(1780773427.818286) vcan0 600#00000000
(1780773427.818331) vcan0 601#00000000
(1780773427.818358) vcan0 602#7F000000
(1780773427.833638) vcan0 603#00
(1780773427.833700) vcan0 604#00
(1780773427.833732) vcan0 607#01000000
(1780773427.985385) vcan0 600#00000000
(1780773427.985442) vcan0 601#00000000
(1780773427.985480) vcan0 602#7F000000
(1780773427.985515) vcan0 606#00
(1780773428.048422) vcan0 603#00
(1780773428.048461) vcan0 604#00
(1780773428.048482) vcan0 607#01000000
(1780773428.096423) vcan0 600#00000000
(1780773428.096460) vcan0 601#00000000
(1780773428.096479) vcan0 602#7F000000
(1780773428.126747) vcan0 60D#00000001
(1780773428.226702) vcan0 600#00000000
(1780773428.226756) vcan0 601#00000000
(1780773428.226795) vcan0 602#7F000000
(1780773428.258412) vcan0 603#00
(1780773428.258446) vcan0 604#00
(1780773428.258466) vcan0 607#01000000
(1780773428.434723) vcan0 600#00000000
(1780773428.434786) vcan0 601#00000000
(1780773428.434818) vcan0 602#7F000000
(1780773428.465402) vcan0 603#00
(1780773428.465436) vcan0 604#00
(1780773428.465456) vcan0 607#01000000
(1780773428.497413) vcan0 606#00
(1780773428.545466) vcan0 600#00000000
(1780773428.545510) vcan0 601#00000000
(1780773428.545532) vcan0 602#7F000000
(1780773428.666381) vcan0 600#00000000
(1780773428.666430) vcan0 601#00000000
(1780773428.666452) vcan0 602#7F000000
(1780773428.666475) vcan0 603#00
(1780773428.666498) vcan0 604#00
(1780773428.666522) vcan0 607#01000000
(1780773428.862481) vcan0 600#00000000
(1780773428.862634) vcan0 601#00000000
(1780773428.862692) vcan0 602#7F000000
(1780773428.877522) vcan0 603#00
(1780773428.877569) vcan0 604#00
(1780773428.877592) vcan0 607#01000000
(1780773429.025086) vcan0 600#00000000
(1780773429.025169) vcan0 601#00000000
(1780773429.025206) vcan0 602#7F000000
(1780773429.025247) vcan0 606#00
(1780773429.081015) vcan0 60D#00000001
(1780773429.088385) vcan0 603#00
(1780773429.088413) vcan0 604#00
(1780773429.088434) vcan0 607#01000000
(1780773429.136406) vcan0 600#00000000
(1780773429.136440) vcan0 601#00000000
(1780773429.136459) vcan0 602#7F000000
(1780773429.271581) vcan0 600#00000000
(1780773429.271627) vcan0 601#00000000
(1780773429.271656) vcan0 602#7F000000
(1780773429.304428) vcan0 603#00
(1780773429.304465) vcan0 604#00
(1780773429.304486) vcan0 607#01000000
(1780773429.464962) vcan0 600#00000000
(1780773429.465027) vcan0 601#00000000
(1780773429.465060) vcan0 602#7F000000
(1780773429.512375) vcan0 603#00
(1780773429.512410) vcan0 604#00
(1780773429.512436) vcan0 607#01000000
(1780773429.528421) vcan0 606#00
(1780773429.576510) vcan0 600#00000000
(1780773429.576552) vcan0 601#00000000
(1780773429.576575) vcan0 602#7F000000
(1780773429.695303) vcan0 600#00000000
(1780773429.695349) vcan0 601#00000000
(1780773429.695375) vcan0 602#7F000000
(1780773429.726434) vcan0 603#00
(1780773429.726471) vcan0 604#00
(1780773429.726491) vcan0 607#01000000
(1780773429.837006) vcan0 60D#00000010
(1780773429.887998) vcan0 600#00000000
(1780773429.888047) vcan0 601#00000000
(1780773429.888077) vcan0 602#7F000000
(1780773429.935387) vcan0 603#00
(1780773429.935421) vcan0 604#00
(1780773429.935440) vcan0 607#01000000
(1780773430.066106) vcan0 600#00000000
(1780773430.066156) vcan0 601#00000000
(1780773430.066185) vcan0 602#7F000000
(1780773430.066214) vcan0 606#00
(1780773430.145373) vcan0 603#00
(1780773430.145406) vcan0 604#00
(1780773430.145425) vcan0 607#01000000
(1780773430.177394) vcan0 600#00000000
(1780773430.177429) vcan0 601#00000000
(1780773430.177448) vcan0 602#7F000000
(1780773430.298006) vcan0 600#00000000
(1780773430.298035) vcan0 601#00000000
(1780773430.298057) vcan0 602#7F000000
(1780773430.345412) vcan0 603#00
(1780773430.345451) vcan0 604#00
(1780773430.345475) vcan0 607#01000000
(1780773430.384032) vcan0 604#01
(1780773430.486374) vcan0 600#00000000
(1780773430.486414) vcan0 601#00000000
(1780773430.486447) vcan0 602#7F000000
(1780773430.549412) vcan0 603#00
(1780773430.549448) vcan0 604#00
(1780773430.549471) vcan0 607#01000000
(1780773430.581377) vcan0 606#00
(1780773430.597418) vcan0 600#00000000
(1780773430.597454) vcan0 601#00000000
(1780773430.597473) vcan0 602#7F000000
(1780773430.731893) vcan0 600#00000000
(1780773430.731960) vcan0 601#00000000
(1780773430.731999) vcan0 602#7F000000
(1780773430.763399) vcan0 603#00
(1780773430.763434) vcan0 604#00
(1780773430.763453) vcan0 607#01000000
(1780773430.922795) vcan0 600#00000000
(1780773430.922852) vcan0 601#00000000
(1780773430.922881) vcan0 602#7F000000
(1780773430.970472) vcan0 603#00
(1780773430.970521) vcan0 604#00
(1780773430.970548) vcan0 607#01000000
(1780773431.084671) vcan0 600#00000000
(1780773431.084730) vcan0 601#00000000
(1780773431.084815) vcan0 602#7F000000
(1780773431.084879) vcan0 606#00
(1780773431.125002) vcan0 60C#01
(1780773431.180394) vcan0 603#00
(1780773431.180428) vcan0 604#00
(1780773431.180448) vcan0 607#01000000
(1780773431.196386) vcan0 600#00000000
(1780773431.196416) vcan0 601#00000000
(1780773431.196435) vcan0 602#7F000000
(1780773431.330210) vcan0 600#00000000
(1780773431.330270) vcan0 601#00000000
(1780773431.330302) vcan0 602#7F000000
(1780773431.393389) vcan0 603#00
(1780773431.393425) vcan0 604#00
(1780773431.393445) vcan0 607#01000000
(1780773431.520280) vcan0 600#00000000
(1780773431.520315) vcan0 601#00000000
(1780773431.520341) vcan0 602#7F000000
(1780773431.599356) vcan0 603#00
(1780773431.599389) vcan0 604#00
(1780773431.599415) vcan0 606#00
(1780773431.599435) vcan0 607#01000000
(1780773431.631385) vcan0 600#00000000
(1780773431.631428) vcan0 601#00000000
(1780773431.631449) vcan0 602#7F000000
(1780773431.753354) vcan0 600#00000000
(1780773431.753405) vcan0 601#00000000
(1780773431.753447) vcan0 602#7F000000
(1780773431.800391) vcan0 603#00
(1780773431.800426) vcan0 604#00
(1780773431.800446) vcan0 607#01000000
(1780773431.955685) vcan0 600#00000000
(1780773431.955737) vcan0 601#00000000
(1780773431.955768) vcan0 602#7F000000
(1780773431.985011) vcan0 60D#00000020
(1780773432.003493) vcan0 603#00
(1780773432.003528) vcan0 604#00
(1780773432.003556) vcan0 607#01000000
(1780773432.119625) vcan0 600#00000000
(1780773432.119679) vcan0 601#00000000
(1780773432.119709) vcan0 602#7F000000
(1780773432.119733) vcan0 606#00
(1780773432.215395) vcan0 603#00
(1780773432.215430) vcan0 604#00
(1780773432.215449) vcan0 607#01000000
(1780773432.231404) vcan0 600#00000000
(1780773432.231435) vcan0 601#00000000
(1780773432.231456) vcan0 602#7F000000
(1780773432.352785) vcan0 600#00000000
(1780773432.352867) vcan0 601#00000000
(1780773432.352907) vcan0 602#7F000000
(1780773432.416398) vcan0 603#00
(1780773432.416433) vcan0 604#00
(1780773432.416452) vcan0 607#01000000
(1780773432.557169) vcan0 600#00000000
(1780773432.557247) vcan0 601#00000000
(1780773432.557278) vcan0 602#7F000000
(1780773432.620400) vcan0 603#00
(1780773432.620433) vcan0 604#00
(1780773432.620457) vcan0 606#00
(1780773432.620474) vcan0 607#01000000
(1780773432.648997) vcan0 60D#00000000
(1780773432.668404) vcan0 600#00000000
(1780773432.668437) vcan0 601#00000000
(1780773432.668455) vcan0 602#7F000000
(1780773432.801983) vcan0 600#00000000
(1780773432.802049) vcan0 601#00000000
(1780773432.802090) vcan0 602#7F000000
(1780773432.833380) vcan0 603#00
(1780773432.833413) vcan0 604#00
(1780773432.833432) vcan0 607#01000000
(1780773432.989396) vcan0 600#00000000
(1780773432.989448) vcan0 601#00000000
(1780773432.989477) vcan0 602#7F000000
(1780773433.036386) vcan0 603#00
(1780773433.036429) vcan0 604#00
(1780773433.036453) vcan0 607#01000000
(1780773433.153364) vcan0 600#00000000
(1780773433.153421) vcan0 601#00000000
(1780773433.153458) vcan0 602#7F000000
(1780773433.153495) vcan0 606#00
(1780773433.248389) vcan0 603#00
(1780773433.248430) vcan0 604#00
(1780773433.248452) vcan0 607#01000000
(1780773433.264421) vcan0 600#00000000
(1780773433.264456) vcan0 601#00000000
(1780773433.264476) vcan0 602#7F000000
(1780773433.304037) vcan0 60D#00000001
(1780773433.401410) vcan0 600#00000000
(1780773433.401461) vcan0 601#00000000
(1780773433.401485) vcan0 602#7F000000
(1780773433.448404) vcan0 603#00
(1780773433.448443) vcan0 604#00
(1780773433.448464) vcan0 607#01000000
(1780773433.593380) vcan0 600#00000000
(1780773433.593431) vcan0 601#00000000
(1780773433.593489) vcan0 602#7F000000
(1780773433.656444) vcan0 603#00
(1780773433.656500) vcan0 604#00
(1780773433.656529) vcan0 606#00
(1780773433.656554) vcan0 607#01000000
(1780773433.704420) vcan0 600#00000000
(1780773433.704464) vcan0 601#00000000
(1780773433.704486) vcan0 602#7F000000
(1780773433.825595) vcan0 600#00000000
(1780773433.825641) vcan0 601#00000000
(1780773433.825669) vcan0 602#7F000000
(1780773433.857407) vcan0 603#00
(1780773433.857441) vcan0 604#00
(1780773433.857463) vcan0 607#01000000
(1780773434.020766) vcan0 60D#00000100
(1780773434.027955) vcan0 600#00000000
(1780773434.027994) vcan0 601#00000000
(1780773434.028022) vcan0 602#7F000000
(1780773434.059392) vcan0 603#00
(1780773434.059424) vcan0 604#00
(1780773434.059443) vcan0 607#01000000
(1780773434.193555) vcan0 600#00000000
(1780773434.193599) vcan0 601#00000000
(1780773434.193626) vcan0 602#7F000000
(1780773434.193658) vcan0 606#00
(1780773434.273350) vcan0 603#00
(1780773434.273391) vcan0 604#00
(1780773434.273418) vcan0 607#01000000
(1780773434.306472) vcan0 600#00000000
(1780773434.306515) vcan0 601#00000000
(1780773434.306542) vcan0 602#7F000000
(1780773434.427169) vcan0 600#00000000
(1780773434.427216) vcan0 601#00000000
(1780773434.427245) vcan0 602#7F000000
(1780773434.489359) vcan0 603#00
(1780773434.489395) vcan0 604#00
(1780773434.489421) vcan0 607#01000000
(1780773434.598905) vcan0 60D#00000004
(1780773434.632452) vcan0 600#00000000
(1780773434.632512) vcan0 601#00000000
(1780773434.632549) vcan0 602#7F000000
(1780773434.695390) vcan0 603#00
(1780773434.695425) vcan0 604#00
(1780773434.695446) vcan0 606#00
(1780773434.695464) vcan0 607#01000000
(1780773434.743379) vcan0 600#00000000
(1780773434.743418) vcan0 601#00000000
(1780773434.743437) vcan0 602#7F000000
(1780773434.868438) vcan0 600#00000000
(1780773434.868493) vcan0 601#00000000
(1780773434.868523) vcan0 602#7F000000
(1780773434.899367) vcan0 603#00
(1780773434.899400) vcan0 604#00
(1780773434.899421) vcan0 607#01000000
(1780773435.058248) vcan0 600#00000000
(1780773435.058291) vcan0 601#00000000
(1780773435.058319) vcan0 602#7F000000
(1780773435.105375) vcan0 603#00
(1780773435.105409) vcan0 604#00
(1780773435.105431) vcan0 607#01000000
(1780773435.233233) vcan0 600#00000000
(1780773435.233290) vcan0 601#00000000
(1780773435.233324) vcan0 602#7F000000
(1780773435.233356) vcan0 606#00
(1780773435.313367) vcan0 603#00
(1780773435.313451) vcan0 604#00
(1780773435.313502) vcan0 607#01000000
(1780773435.345440) vcan0 600#00000000
(1780773435.345510) vcan0 601#00000000
(1780773435.345541) vcan0 602#7F000000
(1780773435.466762) vcan0 600#00000000
(1780773435.466845) vcan0 601#00000000
(1780773435.466882) vcan0 602#7F000000
(1780773435.514426) vcan0 603#00
(1780773435.514471) vcan0 604#00
(1780773435.514493) vcan0 607#01000000
(1780773435.664809) vcan0 600#00000000
(1780773435.664857) vcan0 601#00000000
(1780773435.664885) vcan0 602#7F000000
(1780773435.728373) vcan0 603#00
(1780773435.728405) vcan0 604#00
(1780773435.728425) vcan0 607#01000000
(1780773435.744484) vcan0 606#00
(1780773435.776387) vcan0 600#00000000
(1780773435.776426) vcan0 601#00000000
(1780773435.776448) vcan0 602#7F000000
(1780773435.899299) vcan0 600#00000000
(1780773435.899344) vcan0 601#00000000
(1780773435.899374) vcan0 602#7F000000
(1780773435.930396) vcan0 603#00
(1780773435.930430) vcan0 604#00
(1780773435.930450) vcan0 607#01000000
(1780773436.087633) vcan0 600#00000000
(1780773436.087700) vcan0 601#00000000
(1780773436.087734) vcan0 602#7F000000
(1780773436.135427) vcan0 603#00
(1780773436.135468) vcan0 604#00
(1780773436.135492) vcan0 607#01000000
(1780773436.252050) vcan0 600#00000000
(1780773436.252113) vcan0 601#00000000
(1780773436.252149) vcan0 602#7F000000
(1780773436.252186) vcan0 606#00
(1780773436.348361) vcan0 603#00
(1780773436.348394) vcan0 604#00
(1780773436.348412) vcan0 607#01000000
(1780773436.364316) vcan0 600#00000000
(1780773436.364342) vcan0 601#00000000
(1780773436.364361) vcan0 602#7F000000
(1780773436.488172) vcan0 600#00000000
(1780773436.488222) vcan0 601#00000000
(1780773436.488255) vcan0 602#7F000000
(1780773436.551373) vcan0 603#00
(1780773436.551414) vcan0 604#00
(1780773436.551439) vcan0 607#01000000
(1780773436.663961) vcan0 600#00000000
(1780773436.664005) vcan0 601#00000000
(1780773436.664028) vcan0 602#7F000000
